
  .   ____          _            __ _ _
 /\\ / ___'_ __ _ _(_)_ __  __ _ \ \ \ \
( ( )\___ | '_ | '_| | '_ \/ _` | \ \ \ \
 \\/  ___)| |_)| | | | | || (_| |  ) ) ) )
  '  |____| .__|_| |_|_| |_\__, | / / / /
 =========|_|==============|___/=/_/_/_/
 :: Spring Boot ::        (v1.1.8.RELEASE)

14:17:12.871 [main] INFO  kitt.site.Application - Starting Application on zhoukaideMacBook-Pro.local with PID 5513 (/Users/zhoukai/Desktop/code/kitt/site/build/libs/site-0.0.1-SNAPSHOT.jar started by zhoukai in /Users/zhoukai/Desktop/code/kitt/site)
14:17:12.927 [main] INFO  o.s.b.c.e.AnnotationConfigEmbeddedWebApplicationContext - Refreshing org.springframework.boot.context.embedded.AnnotationConfigEmbeddedWebApplicationContext@6dfa5673: startup date [Fri Mar 20 14:17:12 CST 2015]; root of context hierarchy
14:17:14.071 [main] INFO  o.s.b.f.s.DefaultListableBeanFactory - Overriding bean definition for bean 'beanNameViewResolver': replacing [Root bean: class [null]; scope=; abstract=false; lazyInit=false; autowireMode=3; dependencyCheck=0; autowireCandidate=true; primary=false; factoryBeanName=org.springframework.boot.autoconfigure.web.ErrorMvcAutoConfiguration$WhitelabelErrorViewConfiguration; factoryMethodName=beanNameViewResolver; initMethodName=null; destroyMethodName=(inferred); defined in class path resource [org/springframework/boot/autoconfigure/web/ErrorMvcAutoConfiguration$WhitelabelErrorViewConfiguration.class]] with [Root bean: class [null]; scope=; abstract=false; lazyInit=false; autowireMode=3; dependencyCheck=0; autowireCandidate=true; primary=false; factoryBeanName=org.springframework.boot.autoconfigure.web.WebMvcAutoConfiguration$WebMvcAutoConfigurationAdapter; factoryMethodName=beanNameViewResolver; initMethodName=null; destroyMethodName=(inferred); defined in class path resource [org/springframework/boot/autoconfigure/web/WebMvcAutoConfiguration$WebMvcAutoConfigurationAdapter.class]]
14:17:15.064 [main] INFO  o.h.validator.internal.util.Version - HV000001: Hibernate Validator 5.0.3.Final
14:17:15.173 [main] INFO  o.s.c.s.PostProcessorRegistrationDelegate$BeanPostProcessorChecker - Bean 'org.springframework.scheduling.annotation.SchedulingConfiguration' of type [class org.springframework.scheduling.annotation.SchedulingConfiguration$$EnhancerBySpringCGLIB$$be10ea58] is not eligible for getting processed by all BeanPostProcessors (for example: not eligible for auto-proxying)
14:17:15.292 [main] INFO  o.s.c.s.PostProcessorRegistrationDelegate$BeanPostProcessorChecker - Bean 'databaseConfig' of type [class kitt.core.config.DatabaseConfig$$EnhancerBySpringCGLIB$$393ff2ec] is not eligible for getting processed by all BeanPostProcessors (for example: not eligible for auto-proxying)
14:17:15.340 [main] INFO  o.s.j.d.DriverManagerDataSource - Loaded JDBC driver: net.sf.log4jdbc.DriverSpy
14:17:15.360 [main] INFO  o.s.c.s.PostProcessorRegistrationDelegate$BeanPostProcessorChecker - Bean 'dataSource' of type [class org.springframework.jdbc.datasource.DriverManagerDataSource] is not eligible for getting processed by all BeanPostProcessors (for example: not eligible for auto-proxying)
14:17:15.435 [main] INFO  o.s.c.s.PostProcessorRegistrationDelegate$BeanPostProcessorChecker - Bean 'sqlSessionFactory' of type [class org.apache.ibatis.session.defaults.DefaultSqlSessionFactory] is not eligible for getting processed by all BeanPostProcessors (for example: not eligible for auto-proxying)
14:17:15.518 [main] INFO  o.s.c.s.PostProcessorRegistrationDelegate$BeanPostProcessorChecker - Bean 'validMapper' of type [class org.mybatis.spring.mapper.MapperFactoryBean] is not eligible for getting processed by all BeanPostProcessors (for example: not eligible for auto-proxying)
14:17:15.569 [main] INFO  o.s.c.s.PostProcessorRegistrationDelegate$BeanPostProcessorChecker - Bean 'userRoleMapper' of type [class org.mybatis.spring.mapper.MapperFactoryBean] is not eligible for getting processed by all BeanPostProcessors (for example: not eligible for auto-proxying)
14:17:15.668 [main] INFO  o.s.c.s.PostProcessorRegistrationDelegate$BeanPostProcessorChecker - Bean 'userMapper' of type [class org.mybatis.spring.mapper.MapperFactoryBean] is not eligible for getting processed by all BeanPostProcessors (for example: not eligible for auto-proxying)
14:17:15.698 [main] INFO  o.s.c.s.PostProcessorRegistrationDelegate$BeanPostProcessorChecker - Bean 'uploadFileByUserMapper' of type [class org.mybatis.spring.mapper.MapperFactoryBean] is not eligible for getting processed by all BeanPostProcessors (for example: not eligible for auto-proxying)
14:17:15.760 [main] INFO  o.s.c.s.PostProcessorRegistrationDelegate$BeanPostProcessorChecker - Bean 'uploadFileByAdminMapper' of type [class org.mybatis.spring.mapper.MapperFactoryBean] is not eligible for getting processed by all BeanPostProcessors (for example: not eligible for auto-proxying)
14:17:15.799 [main] INFO  o.s.c.s.PostProcessorRegistrationDelegate$BeanPostProcessorChecker - Bean 'timeTaskMapper' of type [class org.mybatis.spring.mapper.MapperFactoryBean] is not eligible for getting processed by all BeanPostProcessors (for example: not eligible for auto-proxying)
14:17:15.865 [main] INFO  o.s.c.s.PostProcessorRegistrationDelegate$BeanPostProcessorChecker - Bean 'roleMapper' of type [class org.mybatis.spring.mapper.MapperFactoryBean] is not eligible for getting processed by all BeanPostProcessors (for example: not eligible for auto-proxying)
14:17:15.940 [main] INFO  o.s.c.s.PostProcessorRegistrationDelegate$BeanPostProcessorChecker - Bean 'quoteMapper' of type [class org.mybatis.spring.mapper.MapperFactoryBean] is not eligible for getting processed by all BeanPostProcessors (for example: not eligible for auto-proxying)
14:17:15.968 [main] INFO  o.s.c.s.PostProcessorRegistrationDelegate$BeanPostProcessorChecker - Bean 'providerInfoMapper' of type [class org.mybatis.spring.mapper.MapperFactoryBean] is not eligible for getting processed by all BeanPostProcessors (for example: not eligible for auto-proxying)
14:17:15.996 [main] INFO  o.s.c.s.PostProcessorRegistrationDelegate$BeanPostProcessorChecker - Bean 'priceLadderMapper' of type [class org.mybatis.spring.mapper.MapperFactoryBean] is not eligible for getting processed by all BeanPostProcessors (for example: not eligible for auto-proxying)
14:17:16.023 [main] INFO  o.s.c.s.PostProcessorRegistrationDelegate$BeanPostProcessorChecker - Bean 'paymentMapper' of type [class org.mybatis.spring.mapper.MapperFactoryBean] is not eligible for getting processed by all BeanPostProcessors (for example: not eligible for auto-proxying)
14:17:16.220 [main] INFO  o.s.c.s.PostProcessorRegistrationDelegate$BeanPostProcessorChecker - Bean 'orderMapper' of type [class org.mybatis.spring.mapper.MapperFactoryBean] is not eligible for getting processed by all BeanPostProcessors (for example: not eligible for auto-proxying)
14:17:16.475 [main] INFO  o.s.c.s.PostProcessorRegistrationDelegate$BeanPostProcessorChecker - Bean 'orderManageMapper' of type [class org.mybatis.spring.mapper.MapperFactoryBean] is not eligible for getting processed by all BeanPostProcessors (for example: not eligible for auto-proxying)
14:17:16.496 [main] INFO  o.s.c.s.PostProcessorRegistrationDelegate$BeanPostProcessorChecker - Bean 'operateMapper' of type [class org.mybatis.spring.mapper.MapperFactoryBean] is not eligible for getting processed by all BeanPostProcessors (for example: not eligible for auto-proxying)
14:17:16.520 [main] INFO  o.s.c.s.PostProcessorRegistrationDelegate$BeanPostProcessorChecker - Bean 'myInterestMapper' of type [class org.mybatis.spring.mapper.MapperFactoryBean] is not eligible for getting processed by all BeanPostProcessors (for example: not eligible for auto-proxying)
14:17:16.541 [main] INFO  o.s.c.s.PostProcessorRegistrationDelegate$BeanPostProcessorChecker - Bean 'mydemandMapper' of type [class org.mybatis.spring.mapper.MapperFactoryBean] is not eligible for getting processed by all BeanPostProcessors (for example: not eligible for auto-proxying)
14:17:16.573 [main] INFO  o.s.c.s.PostProcessorRegistrationDelegate$BeanPostProcessorChecker - Bean 'myCustomerMapper' of type [class org.mybatis.spring.mapper.MapperFactoryBean] is not eligible for getting processed by all BeanPostProcessors (for example: not eligible for auto-proxying)
14:17:16.594 [main] INFO  o.s.c.s.PostProcessorRegistrationDelegate$BeanPostProcessorChecker - Bean 'menuMapper' of type [class org.mybatis.spring.mapper.MapperFactoryBean] is not eligible for getting processed by all BeanPostProcessors (for example: not eligible for auto-proxying)
14:17:16.635 [main] INFO  o.s.c.s.PostProcessorRegistrationDelegate$BeanPostProcessorChecker - Bean 'manualSellMapper' of type [class org.mybatis.spring.mapper.MapperFactoryBean] is not eligible for getting processed by all BeanPostProcessors (for example: not eligible for auto-proxying)
14:17:16.655 [main] INFO  o.s.c.s.PostProcessorRegistrationDelegate$BeanPostProcessorChecker - Bean 'groupBuySupplyMapper' of type [class org.mybatis.spring.mapper.MapperFactoryBean] is not eligible for getting processed by all BeanPostProcessors (for example: not eligible for auto-proxying)
14:17:16.685 [main] INFO  o.s.c.s.PostProcessorRegistrationDelegate$BeanPostProcessorChecker - Bean 'groupBuyQualificationMapper' of type [class org.mybatis.spring.mapper.MapperFactoryBean] is not eligible for getting processed by all BeanPostProcessors (for example: not eligible for auto-proxying)
14:17:16.713 [main] INFO  o.s.c.s.PostProcessorRegistrationDelegate$BeanPostProcessorChecker - Bean 'groupBuyOrderMapper' of type [class org.mybatis.spring.mapper.MapperFactoryBean] is not eligible for getting processed by all BeanPostProcessors (for example: not eligible for auto-proxying)
14:17:16.729 [main] INFO  o.s.c.s.PostProcessorRegistrationDelegate$BeanPostProcessorChecker - Bean 'financeMapper' of type [class org.mybatis.spring.mapper.MapperFactoryBean] is not eligible for getting processed by all BeanPostProcessors (for example: not eligible for auto-proxying)
14:17:16.747 [main] INFO  o.s.c.s.PostProcessorRegistrationDelegate$BeanPostProcessorChecker - Bean 'fileRecordMapper' of type [class org.mybatis.spring.mapper.MapperFactoryBean] is not eligible for getting processed by all BeanPostProcessors (for example: not eligible for auto-proxying)
14:17:16.788 [main] INFO  o.s.c.s.PostProcessorRegistrationDelegate$BeanPostProcessorChecker - Bean 'dictionaryMapper' of type [class org.mybatis.spring.mapper.MapperFactoryBean] is not eligible for getting processed by all BeanPostProcessors (for example: not eligible for auto-proxying)
14:17:16.848 [main] INFO  o.s.c.s.PostProcessorRegistrationDelegate$BeanPostProcessorChecker - Bean 'demandMapper' of type [class org.mybatis.spring.mapper.MapperFactoryBean] is not eligible for getting processed by all BeanPostProcessors (for example: not eligible for auto-proxying)
14:17:16.881 [main] INFO  o.s.c.s.PostProcessorRegistrationDelegate$BeanPostProcessorChecker - Bean 'dealerMapper' of type [class org.mybatis.spring.mapper.MapperFactoryBean] is not eligible for getting processed by all BeanPostProcessors (for example: not eligible for auto-proxying)
14:17:16.902 [main] INFO  o.s.c.s.PostProcessorRegistrationDelegate$BeanPostProcessorChecker - Bean 'companyMapper' of type [class org.mybatis.spring.mapper.MapperFactoryBean] is not eligible for getting processed by all BeanPostProcessors (for example: not eligible for auto-proxying)
14:17:16.921 [main] INFO  o.s.c.s.PostProcessorRegistrationDelegate$BeanPostProcessorChecker - Bean 'chartMapper' of type [class org.mybatis.spring.mapper.MapperFactoryBean] is not eligible for getting processed by all BeanPostProcessors (for example: not eligible for auto-proxying)
14:17:16.992 [main] INFO  o.s.c.s.PostProcessorRegistrationDelegate$BeanPostProcessorChecker - Bean 'buyMapper' of type [class org.mybatis.spring.mapper.MapperFactoryBean] is not eligible for getting processed by all BeanPostProcessors (for example: not eligible for auto-proxying)
14:17:17.011 [main] INFO  o.s.c.s.PostProcessorRegistrationDelegate$BeanPostProcessorChecker - Bean 'articleMapper' of type [class org.mybatis.spring.mapper.MapperFactoryBean] is not eligible for getting processed by all BeanPostProcessors (for example: not eligible for auto-proxying)
14:17:17.021 [main] INFO  o.s.c.s.PostProcessorRegistrationDelegate$BeanPostProcessorChecker - Bean 'areaportMapper' of type [class org.mybatis.spring.mapper.MapperFactoryBean] is not eligible for getting processed by all BeanPostProcessors (for example: not eligible for auto-proxying)
14:17:17.036 [main] INFO  o.s.c.s.PostProcessorRegistrationDelegate$BeanPostProcessorChecker - Bean 'adminMapper' of type [class org.mybatis.spring.mapper.MapperFactoryBean] is not eligible for getting processed by all BeanPostProcessors (for example: not eligible for auto-proxying)
14:17:17.061 [main] INFO  o.s.c.s.PostProcessorRegistrationDelegate$BeanPostProcessorChecker - Bean 'org.springframework.transaction.annotation.ProxyTransactionManagementConfiguration' of type [class org.springframework.transaction.annotation.ProxyTransactionManagementConfiguration$$EnhancerBySpringCGLIB$$b320c91d] is not eligible for getting processed by all BeanPostProcessors (for example: not eligible for auto-proxying)
14:17:17.095 [main] INFO  o.s.c.s.PostProcessorRegistrationDelegate$BeanPostProcessorChecker - Bean 'transactionAttributeSource' of type [class org.springframework.transaction.annotation.AnnotationTransactionAttributeSource] is not eligible for getting processed by all BeanPostProcessors (for example: not eligible for auto-proxying)
14:17:17.109 [main] INFO  o.s.c.s.PostProcessorRegistrationDelegate$BeanPostProcessorChecker - Bean 'transactionInterceptor' of type [class org.springframework.transaction.interceptor.TransactionInterceptor] is not eligible for getting processed by all BeanPostProcessors (for example: not eligible for auto-proxying)
14:17:17.121 [main] INFO  o.s.c.s.PostProcessorRegistrationDelegate$BeanPostProcessorChecker - Bean 'org.springframework.transaction.config.internalTransactionAdvisor' of type [class org.springframework.transaction.interceptor.BeanFactoryTransactionAttributeSourceAdvisor] is not eligible for getting processed by all BeanPostProcessors (for example: not eligible for auto-proxying)
14:17:18.165 [main] INFO  o.s.b.c.e.j.JettyEmbeddedServletContainerFactory - Server initialized with port: 8080
14:17:18.167 [main] INFO  org.eclipse.jetty.server.Server - jetty-8.1.15.v20140411
14:17:18.252 [main] INFO  / - Initializing Spring embedded WebApplicationContext
14:17:18.252 [main] INFO  o.s.web.context.ContextLoader - Root WebApplicationContext: initialization completed in 5325 ms
14:17:18.883 [main] INFO  o.s.b.c.e.ServletRegistrationBean - Mapping servlet: 'dispatcherServlet' to [/]
14:17:18.886 [main] INFO  o.s.b.c.e.FilterRegistrationBean - Mapping filter: 'metricFilter' to: [/*]
14:17:18.888 [main] INFO  o.s.b.c.e.FilterRegistrationBean - Mapping filter: 'hiddenHttpMethodFilter' to: [/*]
14:17:18.889 [main] INFO  o.s.b.c.e.FilterRegistrationBean - Mapping filter: 'applicationContextIdFilter' to: [/*]
14:17:18.889 [main] INFO  o.s.b.c.e.FilterRegistrationBean - Mapping filter: 'webRequestLoggingFilter' to: [/*]
14:17:19.204 [main] INFO  o.s.u.f.SpringTemplateLoader - SpringTemplateLoader for FreeMarker: using resource loader [org.springframework.boot.context.embedded.AnnotationConfigEmbeddedWebApplicationContext@6dfa5673: startup date [Fri Mar 20 14:17:12 CST 2015]; root of context hierarchy] and template loader path [classpath:/templates/]
14:17:19.205 [main] INFO  o.s.w.s.v.f.FreeMarkerConfigurer - ClassTemplateLoader for Spring macros added to FreeMarker configuration
14:17:19.638 [main] INFO  o.s.w.s.h.SimpleUrlHandlerMapping - Mapped URL path [/**/favicon.ico] onto handler of type [class org.springframework.web.servlet.resource.ResourceHttpRequestHandler]
14:17:19.761 [main] INFO  o.s.w.s.m.m.a.RequestMappingHandlerMapping - Mapped "{[/getArticleList],methods=[GET],params=[],headers=[],consumes=[],produces=[],custom=[]}" onto public java.lang.String kitt.site.controller.ArticleController.getArticleList(java.lang.String,int,java.util.Map<java.lang.String, java.lang.Object>)
14:17:19.761 [main] INFO  o.s.w.s.m.m.a.RequestMappingHandlerMapping - Mapped "{[/getArticle],methods=[GET],params=[],headers=[],consumes=[],produces=[],custom=[]}" onto public java.lang.String kitt.site.controller.ArticleController.getArticle(int,java.util.Map<java.lang.String, java.lang.Object>)
14:17:19.764 [main] INFO  o.s.w.s.m.m.a.RequestMappingHandlerMapping - Mapped "{[/register],methods=[],params=[],headers=[],consumes=[],produces=[],custom=[]}" onto public java.lang.String kitt.site.controller.AuthController.register()
14:17:19.764 [main] INFO  o.s.w.s.m.m.a.RequestMappingHandlerMapping - Mapped "{[/userCheck],methods=[POST],params=[],headers=[],consumes=[],produces=[],custom=[]}" onto public java.lang.Object kitt.site.controller.AuthController.doUserCheck(kitt.site.controller.AuthController$PhoneForm,org.springframework.validation.BindingResult)
14:17:19.765 [main] INFO  o.s.w.s.m.m.a.RequestMappingHandlerMapping - Mapped "{[/reset-password],methods=[],params=[],headers=[],consumes=[],produces=[],custom=[]}" onto public java.lang.String kitt.site.controller.AuthController.resetPassword()
14:17:19.766 [main] INFO  o.s.w.s.m.m.a.RequestMappingHandlerMapping - Mapped "{[/validphone],methods=[POST],params=[],headers=[],consumes=[],produces=[],custom=[]}" onto public java.lang.Object kitt.site.controller.AuthController.validPhone(kitt.site.controller.AuthController$ValidPhoneForm,org.springframework.validation.BindingResult) throws java.lang.Exception
14:17:19.766 [main] INFO  o.s.w.s.m.m.a.RequestMappingHandlerMapping - Mapped "{[/checkNewSecurephone],methods=[POST],params=[],headers=[],consumes=[],produces=[],custom=[]}" onto public java.lang.String kitt.site.controller.AuthController.CheckNewSecurephone(java.lang.String)
14:17:19.766 [main] INFO  o.s.w.s.m.m.a.RequestMappingHandlerMapping - Mapped "{[/modifyphone],methods=[POST],params=[],headers=[],consumes=[],produces=[],custom=[]}" onto public java.lang.Object kitt.site.controller.AuthController.modifyPhone(kitt.site.controller.AuthController$ValidCodeForm,org.springframework.validation.BindingResult)
14:17:19.766 [main] INFO  o.s.w.s.m.m.a.RequestMappingHandlerMapping - Mapped "{[/getValidCode],methods=[],params=[],headers=[],consumes=[],produces=[],custom=[]}" onto public java.lang.Object kitt.site.controller.AuthController.getValidCode(kitt.site.controller.AuthController$PhoneForm,org.springframework.validation.BindingResult) throws java.lang.Exception
14:17:19.766 [main] INFO  o.s.w.s.m.m.a.RequestMappingHandlerMapping - Mapped "{[/validOrginalPhone],methods=[],params=[],headers=[],consumes=[],produces=[],custom=[]}" onto public java.lang.Object kitt.site.controller.AuthController.validOrginalPhone(kitt.site.controller.AuthController$ValidCodeForm,org.springframework.validation.BindingResult)
14:17:19.766 [main] INFO  o.s.w.s.m.m.a.RequestMappingHandlerMapping - Mapped "{[/modifyAccountPasswd],methods=[POST],params=[],headers=[],consumes=[],produces=[],custom=[]}" onto public java.lang.Object kitt.site.controller.AuthController.modifyAccountPasswd(kitt.site.controller.AuthController$ResetAccountPasswordForm,org.springframework.validation.BindingResult)
14:17:19.767 [main] INFO  o.s.w.s.m.m.a.RequestMappingHandlerMapping - Mapped "{[/modifynickname],methods=[POST],params=[],headers=[],consumes=[],produces=[],custom=[]}" onto public java.lang.Object kitt.site.controller.AuthController.modifyNickname(kitt.site.controller.AuthController$ResetNicknameForm,org.springframework.validation.BindingResult)
14:17:19.767 [main] INFO  o.s.w.s.m.m.a.RequestMappingHandlerMapping - Mapped "{[/resendValidcode],methods=[],params=[],headers=[],consumes=[],produces=[],custom=[]}" onto public void kitt.site.controller.AuthController.resendValidcode(java.lang.String) throws java.lang.Exception
14:17:19.767 [main] INFO  o.s.w.s.m.m.a.RequestMappingHandlerMapping - Mapped "{[/modifypassword],methods=[],params=[],headers=[],consumes=[],produces=[],custom=[]}" onto public java.lang.String kitt.site.controller.AuthController.modifyPassword(java.util.Map<java.lang.String, java.lang.Object>,java.lang.String)
14:17:19.768 [main] INFO  o.s.w.s.m.m.a.RequestMappingHandlerMapping - Mapped "{[/modifypasswd],methods=[POST],params=[],headers=[],consumes=[],produces=[],custom=[]}" onto public java.lang.Object kitt.site.controller.AuthController.modifyPasswd(kitt.site.controller.AuthController$LoginForm,org.springframework.validation.BindingResult)
14:17:19.768 [main] INFO  o.s.w.s.m.m.a.RequestMappingHandlerMapping - Mapped "{[/validcode],methods=[POST],params=[],headers=[],consumes=[],produces=[],custom=[]}" onto public java.lang.Object kitt.site.controller.AuthController.validCode(kitt.site.controller.AuthController$ValidCodeForm,org.springframework.validation.BindingResult)
14:17:19.768 [main] INFO  o.s.w.s.m.m.a.RequestMappingHandlerMapping - Mapped "{[/verifyAccount],methods=[],params=[],headers=[],consumes=[],produces=[],custom=[]}" onto public java.lang.String kitt.site.controller.AuthController.verifyAccount(java.util.Map<java.lang.String, java.lang.Object>,java.lang.String)
14:17:19.768 [main] INFO  o.s.w.s.m.m.a.RequestMappingHandlerMapping - Mapped "{[/sendSmsCode],methods=[POST],params=[],headers=[],consumes=[],produces=[],custom=[]}" onto public java.lang.Object kitt.site.controller.AuthController.doSendSmsCode(kitt.site.controller.AuthController$PhoneForm,org.springframework.validation.BindingResult) throws java.lang.Exception
14:17:19.769 [main] INFO  o.s.w.s.m.m.a.RequestMappingHandlerMapping - Mapped "{[/logout],methods=[],params=[],headers=[],consumes=[],produces=[],custom=[]}" onto public java.lang.String kitt.site.controller.AuthController.logout()
14:17:19.769 [main] INFO  o.s.w.s.m.m.a.RequestMappingHandlerMapping - Mapped "{[/login],methods=[POST],params=[],headers=[],consumes=[],produces=[],custom=[]}" onto public java.lang.Object kitt.site.controller.AuthController.doLogin(kitt.site.controller.AuthController$LoginForm,org.springframework.validation.BindingResult,javax.servlet.http.HttpServletRequest)
14:17:19.769 [main] INFO  o.s.w.s.m.m.a.RequestMappingHandlerMapping - Mapped "{[/register],methods=[POST],params=[],headers=[],consumes=[],produces=[],custom=[]}" onto public java.lang.Object kitt.site.controller.AuthController.doRegister(kitt.site.controller.AuthController$RegisterForm,org.springframework.validation.BindingResult)
14:17:19.769 [main] INFO  o.s.w.s.m.m.a.RequestMappingHandlerMapping - Mapped "{[/login],methods=[],params=[],headers=[],consumes=[],produces=[],custom=[]}" onto public java.lang.String kitt.site.controller.AuthController.login(java.lang.String,java.lang.String,java.util.Map<java.lang.String, java.lang.Object>)
14:17:19.771 [main] INFO  o.s.w.s.m.m.a.RequestMappingHandlerMapping - Mapped "{[/getSellinfoStatus],methods=[],params=[],headers=[],consumes=[],produces=[],custom=[]}" onto public java.lang.String kitt.site.controller.BuyController.doGetSellinfoStatus(int)
14:17:19.771 [main] INFO  o.s.w.s.m.m.a.RequestMappingHandlerMapping - Mapped "{[/test/email],methods=[],params=[],headers=[],consumes=[],produces=[],custom=[]}" onto public void kitt.site.controller.BuyController.doTestEmail()
14:17:19.771 [main] INFO  o.s.w.s.m.m.a.RequestMappingHandlerMapping - Mapped "{[/test/emailt],methods=[],params=[],headers=[],consumes=[],produces=[],custom=[]}" onto public void kitt.site.controller.BuyController.doTestEmailT()
14:17:19.771 [main] INFO  o.s.w.s.m.m.a.RequestMappingHandlerMapping - Mapped "{[/buy/getProvinces],methods=[],params=[],headers=[],consumes=[],produces=[],custom=[]}" onto public java.util.List<kitt.core.domain.Areaport> kitt.site.controller.BuyController.doGetProvinces(java.lang.Integer)
14:17:19.771 [main] INFO  o.s.w.s.m.m.a.RequestMappingHandlerMapping - Mapped "{[/buy/getPorts],methods=[],params=[],headers=[],consumes=[],produces=[],custom=[]}" onto public java.util.List<kitt.core.domain.Areaport> kitt.site.controller.BuyController.doGetPorts(java.lang.Integer)
14:17:19.772 [main] INFO  o.s.w.s.m.m.a.RequestMappingHandlerMapping - Mapped "{[/mall/getPorts],methods=[],params=[],headers=[],consumes=[],produces=[],custom=[]}" onto public java.util.List<kitt.core.domain.Areaport> kitt.site.controller.BuyController.getMallPorts(java.lang.Integer)
14:17:19.772 [main] INFO  o.s.w.s.m.m.a.RequestMappingHandlerMapping - Mapped "{[/mall/getProvinces],methods=[],params=[],headers=[],consumes=[],produces=[],custom=[]}" onto public java.util.List<kitt.core.domain.Areaport> kitt.site.controller.BuyController.getMallProvinces(java.lang.Integer)
14:17:19.772 [main] INFO  o.s.w.s.m.m.a.RequestMappingHandlerMapping - Mapped "{[/mall],methods=[GET],params=[],headers=[],consumes=[],produces=[],custom=[]}" onto public java.lang.String kitt.site.controller.BuyController.mallList(int,int,int,int,int,java.math.BigDecimal,java.math.BigDecimal,java.util.Map<java.lang.String, java.lang.Object>,kitt.core.util.PageQueryParam)
14:17:19.772 [main] INFO  o.s.w.s.m.m.a.RequestMappingHandlerMapping - Mapped "{[/mall/index],methods=[GET],params=[],headers=[],consumes=[],produces=[],custom=[]}" onto public java.lang.String kitt.site.controller.BuyController.indexList(java.lang.String,java.lang.String,java.lang.String,java.lang.Integer,java.lang.Integer,java.math.BigDecimal,java.math.BigDecimal,java.util.Map<java.lang.String, java.lang.Object>,kitt.core.util.PageQueryParam)
14:17:19.773 [main] INFO  o.s.w.s.m.m.a.RequestMappingHandlerMapping - Mapped "{[/confirmSellinfo],methods=[],params=[],headers=[],consumes=[],produces=[],custom=[]}" onto public java.lang.Object kitt.site.controller.BuyController.doConfirmSellinfo(int)
14:17:19.773 [main] INFO  o.s.w.s.m.m.a.RequestMappingHandlerMapping - Mapped "{[/sell/createSupply],methods=[],params=[],headers=[],consumes=[],produces=[],custom=[]}" onto public java.lang.String kitt.site.controller.BuyController.getSupplyInfo(java.util.Map<java.lang.String, java.lang.Object>)
14:17:19.773 [main] INFO  o.s.w.s.m.m.a.RequestMappingHandlerMapping - Mapped "{[/account/updateSupply],methods=[],params=[],headers=[],consumes=[],produces=[],custom=[]}" onto public java.lang.String kitt.site.controller.BuyController.goUpdateSupply(int,java.lang.String,java.util.Map<java.lang.String, java.lang.Object>)
14:17:19.773 [main] INFO  o.s.w.s.m.m.a.RequestMappingHandlerMapping - Mapped "{[/buy],methods=[GET],params=[],headers=[],consumes=[],produces=[],custom=[]}" onto public java.lang.String kitt.site.controller.BuyController.buyList(int,int,int,int,int,java.math.BigDecimal,java.math.BigDecimal,java.util.Map<java.lang.String, java.lang.Object>,kitt.core.util.PageQueryParam)
14:17:19.773 [main] INFO  o.s.w.s.m.m.a.RequestMappingHandlerMapping - Mapped "{[/addSellinfo],methods=[POST],params=[],headers=[],consumes=[],produces=[],custom=[]}" onto public java.lang.Object kitt.site.controller.BuyController.doAddSellinfo(int,java.lang.String,int,java.math.BigDecimal,java.math.BigDecimal,java.math.BigDecimal,java.math.BigDecimal,java.math.BigDecimal,java.math.BigDecimal,java.math.BigDecimal,int,int,int,int,int,int,int,int,int,int,int,int,int,int,int,int,int,int,java.lang.String,java.lang.String,java.time.LocalDate,java.time.LocalDate,int,java.lang.String,java.lang.String,java.lang.String,java.lang.String,java.lang.String,java.lang.String) throws java.text.ParseException
14:17:19.773 [main] INFO  o.s.w.s.m.m.a.RequestMappingHandlerMapping - Mapped "{[/sliufen2],methods=[],params=[],headers=[],consumes=[],produces=[],custom=[]}" onto public java.util.List<java.lang.String> kitt.site.controller.BuyController.getLiufen2(java.math.BigDecimal)
14:17:19.775 [main] INFO  o.s.w.s.m.m.a.RequestMappingHandlerMapping - Mapped "{[/buy/addInterest],methods=[],params=[],headers=[],consumes=[],produces=[],custom=[]}" onto public java.lang.Object kitt.site.controller.BuyController.addMyInterest(int,java.lang.String)
14:17:19.775 [main] INFO  o.s.w.s.m.m.a.RequestMappingHandlerMapping - Mapped "{[/srezhi2],methods=[],params=[],headers=[],consumes=[],produces=[],custom=[]}" onto public java.util.List<java.lang.String> kitt.site.controller.BuyController.getRezhi2(int)
14:17:19.775 [main] INFO  o.s.w.s.m.m.a.RequestMappingHandlerMapping - Mapped "{[/buy/info],methods=[],params=[],headers=[],consumes=[],produces=[],custom=[]}" onto public java.lang.String kitt.site.controller.BuyController.getBuyDetailInfo(java.lang.Integer,java.lang.String,java.util.Map<java.lang.String, java.lang.Object>)
14:17:19.776 [main] INFO  o.s.w.s.m.m.a.RequestMappingHandlerMapping - Mapped "{[/mall/info],methods=[],params=[],headers=[],consumes=[],produces=[],custom=[]}" onto public java.lang.String kitt.site.controller.BuyController.getMallDetailInfo(java.lang.Integer,java.util.Map<java.lang.String, java.lang.Object>,java.lang.String)
14:17:19.777 [main] INFO  o.s.w.s.m.m.a.RequestMappingHandlerMapping - Mapped "{[/doCheckLogin],methods=[],params=[],headers=[],consumes=[],produces=[],custom=[]}" onto public java.lang.Object kitt.site.controller.CheckController.doCheckLogin()
14:17:19.779 [main] INFO  o.s.w.s.m.m.a.RequestMappingHandlerMapping - Mapped "{[/doCheckSeller],methods=[],params=[],headers=[],consumes=[],produces=[],custom=[]}" onto public java.lang.Object kitt.site.controller.CheckController.doCheckSeller(int)
14:17:19.780 [main] INFO  o.s.w.s.m.m.a.RequestMappingHandlerMapping - Mapped "{[/doCheckCompany],methods=[],params=[],headers=[],consumes=[],produces=[],custom=[]}" onto public java.lang.Object kitt.site.controller.CheckController.doCheckCompany()
14:17:19.780 [main] INFO  o.s.w.s.m.m.a.RequestMappingHandlerMapping - Mapped "{[/account/getCompany],methods=[POST],params=[],headers=[],consumes=[],produces=[],custom=[]}" onto public kitt.core.domain.Company kitt.site.controller.CompanyController.getCompany()
14:17:19.780 [main] INFO  o.s.w.s.m.m.a.RequestMappingHandlerMapping - Mapped "{[/account/saveCompanyPic],methods=[POST],params=[],headers=[],consumes=[],produces=[],custom=[]}" onto public java.lang.Object kitt.site.controller.CompanyController.saveCompanyPic(org.springframework.web.multipart.MultipartFile,javax.servlet.http.HttpServletResponse) throws java.lang.Exception
14:17:19.781 [main] INFO  o.s.w.s.m.m.a.RequestMappingHandlerMapping - Mapped "{[/account/saveCompany],methods=[POST],params=[],headers=[],consumes=[],produces=[],custom=[]}" onto public java.lang.String kitt.site.controller.CompanyController.saveCompany(java.lang.String,java.lang.String,java.lang.String,java.lang.String,java.lang.String,java.lang.String,java.lang.String,java.lang.String,java.lang.String,java.lang.String,java.lang.String,java.lang.String,java.lang.String,java.lang.String,java.lang.String)
14:17:19.781 [main] INFO  o.s.w.s.m.m.a.RequestMappingHandlerMapping - Mapped "{[/account/checkCompanyname],methods=[POST],params=[],headers=[],consumes=[],produces=[],custom=[]}" onto public java.lang.String kitt.site.controller.CompanyController.checkCompanyname(java.lang.String)
14:17:19.785 [main] INFO  o.s.w.s.m.m.a.RequestMappingHandlerMapping - Mapped "{[/getHighHeatValue],methods=[POST],params=[],headers=[],consumes=[],produces=[],custom=[]}" onto public java.util.List kitt.site.controller.DemandController.getHighHeatValue(java.lang.Integer)
14:17:19.785 [main] INFO  o.s.w.s.m.m.a.RequestMappingHandlerMapping - Mapped "{[/getHighSulfurContent],methods=[POST],params=[],headers=[],consumes=[],produces=[],custom=[]}" onto public java.util.List kitt.site.controller.DemandController.getHighSulfurContent(java.lang.String)
14:17:19.785 [main] INFO  o.s.w.s.m.m.a.RequestMappingHandlerMapping - Mapped "{[/buy/releaseDemand],methods=[],params=[],headers=[],consumes=[],produces=[],custom=[]}" onto public java.lang.String kitt.site.controller.DemandController.releaseDemand(java.util.Map<java.lang.String, java.lang.Object>,java.lang.String)
14:17:19.786 [main] INFO  o.s.w.s.m.m.a.RequestMappingHandlerMapping - Mapped "{[/checkCompanyInfo],methods=[POST],params=[],headers=[],consumes=[],produces=[],custom=[]}" onto public java.lang.String kitt.site.controller.DemandController.CheckCompanyInfo()
14:17:19.786 [main] INFO  o.s.w.s.m.m.a.RequestMappingHandlerMapping - Mapped "{[/buy/gotoCheck],methods=[GET],params=[],headers=[],consumes=[],produces=[],custom=[]}" onto public java.lang.String kitt.site.controller.DemandController.gotoCheck(java.lang.String,java.util.Map<java.lang.String, java.lang.Object>)
14:17:19.786 [main] INFO  o.s.w.s.m.m.a.RequestMappingHandlerMapping - Mapped "{[/saveDemand],methods=[POST],params=[],headers=[],consumes=[],produces=[],custom=[]}" onto public java.lang.String kitt.site.controller.DemandController.saveDemand(java.lang.String)
14:17:19.788 [main] INFO  o.s.w.s.m.m.a.RequestMappingHandlerMapping - Mapped "{[/quoteBid],methods=[POST],params=[],headers=[],consumes=[],produces=[],custom=[]}" onto public java.lang.String kitt.site.controller.DemandController.quoteBid(java.lang.Integer)
14:17:19.788 [main] INFO  o.s.w.s.m.m.a.RequestMappingHandlerMapping - Mapped "{[/getAreaByProvinceName],methods=[POST],params=[],headers=[],consumes=[],produces=[],custom=[]}" onto public java.lang.Object kitt.site.controller.DemandController.getAreaByProvinceName(java.lang.String)
14:17:19.789 [main] INFO  o.s.w.s.m.m.a.RequestMappingHandlerMapping - Mapped "{[/checkDemand],methods=[POST],params=[],headers=[],consumes=[],produces=[],custom=[]}" onto public java.lang.Object kitt.site.controller.DemandController.checkDemand(kitt.site.controller.DemandController$DemandForm,org.springframework.validation.BindingResult)
14:17:19.789 [main] INFO  o.s.w.s.m.m.a.RequestMappingHandlerMapping - Mapped "{[/getPortsByParentid],methods=[POST],params=[],headers=[],consumes=[],produces=[],custom=[]}" onto public java.lang.Object kitt.site.controller.DemandController.getPortsByParentid(java.lang.Integer)
14:17:19.807 [main] INFO  o.s.w.s.m.m.a.RequestMappingHandlerMapping - Mapped "{[/getProvincesByParentname],methods=[POST],params=[],headers=[],consumes=[],produces=[],custom=[]}" onto public java.util.List<kitt.core.domain.Areaport> kitt.site.controller.DemandController.getProcvincesByParentname(java.lang.String)
14:17:19.810 [main] INFO  o.s.w.s.m.m.a.RequestMappingHandlerMapping - Mapped "{[/getPortsByParentname],methods=[POST],params=[],headers=[],consumes=[],produces=[],custom=[]}" onto public java.util.List<kitt.core.domain.Areaport> kitt.site.controller.DemandController.getPortsByParentname(java.lang.String)
14:17:19.810 [main] INFO  o.s.w.s.m.m.a.RequestMappingHandlerMapping - Mapped "{[/getAreaByProvinceId],methods=[POST],params=[],headers=[],consumes=[],produces=[],custom=[]}" onto public java.lang.Object kitt.site.controller.DemandController.getAreaByProvinceId(int)
14:17:19.811 [main] INFO  o.s.w.s.m.m.a.RequestMappingHandlerMapping - Mapped "{[/checkIsQuoted],methods=[POST],params=[],headers=[],consumes=[],produces=[],custom=[]}" onto public java.lang.String kitt.site.controller.DemandController.checkIsQuoted(java.lang.Integer)
14:17:19.811 [main] INFO  o.s.w.s.m.m.a.RequestMappingHandlerMapping - Mapped "{[/sell],methods=[GET],params=[],headers=[],consumes=[],produces=[],custom=[]}" onto public java.lang.String kitt.site.controller.DemandController.sell(java.lang.Integer,java.lang.Integer,java.lang.Integer,java.lang.Integer,java.lang.Integer,java.math.BigDecimal,java.math.BigDecimal,kitt.core.util.PageQueryParam,java.util.Map<java.lang.String, java.lang.Object>)
14:17:19.811 [main] INFO  o.s.w.s.m.m.a.RequestMappingHandlerMapping - Mapped "{[/getProvincesByParentid],methods=[POST],params=[],headers=[],consumes=[],produces=[],custom=[]}" onto public java.util.List<kitt.core.domain.Areaport> kitt.site.controller.DemandController.getProcvincesByParentid(java.lang.Integer)
14:17:19.811 [main] INFO  o.s.w.s.m.m.a.RequestMappingHandlerMapping - Mapped "{[/sell/gotoQuote],methods=[],params=[],headers=[],consumes=[],produces=[],custom=[]}" onto public java.lang.String kitt.site.controller.DemandController.gotoQuote(java.lang.Integer,java.lang.String,java.util.Map<java.lang.String, java.lang.Object>)
14:17:19.812 [main] INFO  o.s.w.s.m.m.a.RequestMappingHandlerMapping - Mapped "{[/quote],methods=[POST],params=[],headers=[],consumes=[],produces=[],custom=[]}" onto public java.lang.String kitt.site.controller.DemandController.demandQuote(java.lang.Integer,java.lang.Integer,java.lang.Integer)
14:17:19.813 [main] INFO  o.s.w.s.m.m.a.RequestMappingHandlerMapping - Mapped "{[/400],methods=[],params=[],headers=[],consumes=[],produces=[],custom=[]}" onto public java.lang.String kitt.site.controller.ExceptionHandlerController.h400(java.lang.Exception)
14:17:19.813 [main] INFO  o.s.w.s.m.m.a.RequestMappingHandlerMapping - Mapped "{[/404],methods=[],params=[],headers=[],consumes=[],produces=[],custom=[]}" onto public java.lang.String kitt.site.controller.ExceptionHandlerController.h404(java.lang.Exception)
14:17:19.814 [main] INFO  o.s.w.s.m.m.a.RequestMappingHandlerMapping - Mapped "{[/finance/getUserInfo],methods=[POST],params=[],headers=[],consumes=[],produces=[],custom=[]}" onto public java.lang.Object kitt.site.controller.FinanceController.getUserInfo()
14:17:19.814 [main] INFO  o.s.w.s.m.m.a.RequestMappingHandlerMapping - Mapped "{[/finance/loan],methods=[],params=[],headers=[],consumes=[],produces=[],custom=[]}" onto public java.lang.String kitt.site.controller.FinanceController.gotoLoan()
14:17:19.814 [main] INFO  o.s.w.s.m.m.a.RequestMappingHandlerMapping - Mapped "{[/finance/financing],methods=[],params=[],headers=[],consumes=[],produces=[],custom=[]}" onto public java.lang.String kitt.site.controller.FinanceController.gotoFinancing()
14:17:19.814 [main] INFO  o.s.w.s.m.m.a.RequestMappingHandlerMapping - Mapped "{[/finance/saveContact],methods=[POST],params=[],headers=[],consumes=[],produces=[],custom=[]}" onto public java.lang.String kitt.site.controller.FinanceController.saveContact(java.lang.String,java.lang.String,java.lang.String,java.lang.String,java.lang.Integer,java.lang.String,java.lang.String)
14:17:19.815 [main] INFO  o.s.w.s.m.m.a.RequestMappingHandlerMapping - Mapped "{[/group/saveCompanyPic],methods=[POST],params=[],headers=[],consumes=[],produces=[],custom=[]}" onto public java.lang.Object kitt.site.controller.GroupBuyController.saveCompanyPic(int,org.springframework.web.multipart.MultipartFile,javax.servlet.http.HttpServletResponse) throws java.lang.Exception
14:17:19.816 [main] INFO  o.s.w.s.m.m.a.RequestMappingHandlerMapping - Mapped "{[/group],methods=[GET],params=[],headers=[],consumes=[],produces=[],custom=[]}" onto public java.lang.String kitt.site.controller.GroupBuyController.getAllGroupBuySupplys(java.util.Map<java.lang.String, java.lang.Object>)
14:17:19.816 [main] INFO  o.s.w.s.m.m.a.RequestMappingHandlerMapping - Mapped "{[/group/getGroupCertification],methods=[],params=[],headers=[],consumes=[],produces=[],custom=[]}" onto public java.lang.String kitt.site.controller.GroupBuyController.doGetGroupCertification(javax.servlet.http.HttpServletRequest,java.util.Map<java.lang.String, java.lang.Object>) throws java.io.IOException,freemarker.template.TemplateException,javax.servlet.ServletException
14:17:19.816 [main] INFO  o.s.w.s.m.m.a.RequestMappingHandlerMapping - Mapped "{[/group/deletePicture],methods=[],params=[],headers=[],consumes=[],produces=[],custom=[]}" onto public java.lang.Object kitt.site.controller.GroupBuyController.doDeletePicture(int)
14:17:19.817 [main] INFO  o.s.w.s.m.m.a.RequestMappingHandlerMapping - Mapped "{[/group/checkActiveQualify],methods=[POST],params=[],headers=[],consumes=[],produces=[],custom=[]}" onto public java.lang.Object kitt.site.controller.GroupBuyController.checkActiveQualify()
14:17:19.817 [main] INFO  o.s.w.s.m.m.a.RequestMappingHandlerMapping - Mapped "{[/group/showGroupInfo],methods=[GET],params=[],headers=[],consumes=[],produces=[],custom=[]}" onto public java.lang.String kitt.site.controller.GroupBuyController.groupBuySupplyDetail(int,java.util.Map<java.lang.String, java.lang.Object>)
14:17:19.817 [main] INFO  o.s.w.s.m.m.a.RequestMappingHandlerMapping - Mapped "{[/group/checkGroupBuyOrder],methods=[POST],params=[],headers=[],consumes=[],produces=[],custom=[]}" onto public java.lang.Object kitt.site.controller.GroupBuyController.checkGroupBuyOrder(int,int)
14:17:19.817 [main] INFO  o.s.w.s.m.m.a.RequestMappingHandlerMapping - Mapped "{[/group/generateGroupBuyOrder],methods=[GET],params=[],headers=[],consumes=[],produces=[],custom=[]}" onto public java.lang.String kitt.site.controller.GroupBuyController.generateGroupBuyOrder(int,int,java.lang.String,java.util.Map<java.lang.String, java.lang.Object>)
14:17:19.817 [main] INFO  o.s.w.s.m.m.a.RequestMappingHandlerMapping - Mapped "{[/group/confirmGroupBuyOrder],methods=[POST],params=[],headers=[],consumes=[],produces=[],custom=[]}" onto public java.lang.String kitt.site.controller.GroupBuyController.confirmGroupBuyOrder(java.lang.String,int)
14:17:19.817 [main] INFO  o.s.w.s.m.m.a.RequestMappingHandlerMapping - Mapped "{[/account/getMyQualification],methods=[GET],params=[],headers=[],consumes=[],produces=[],custom=[]}" onto public java.lang.String kitt.site.controller.GroupBuyController.getMyQualifcation(kitt.core.util.PageQueryParam,java.util.Map<java.lang.String, java.lang.Object>)
14:17:19.818 [main] INFO  o.s.w.s.m.m.a.RequestMappingHandlerMapping - Mapped "{[/group/downloadContract],methods=[],params=[],headers=[],consumes=[],produces=[],custom=[]}" onto public void kitt.site.controller.GroupBuyController.testHtml(int,java.lang.String,javax.servlet.http.HttpServletResponse) throws java.lang.Exception
14:17:19.818 [main] INFO  o.s.w.s.m.m.a.RequestMappingHandlerMapping - Mapped "{[/account/getMyOrderActive],methods=[GET],params=[],headers=[],consumes=[],produces=[],custom=[]}" onto public java.lang.String kitt.site.controller.GroupBuyController.getMyOrderActive(kitt.core.util.PageQueryParam,java.util.Map<java.lang.String, java.lang.Object>)
14:17:19.818 [main] INFO  o.s.w.s.m.m.a.RequestMappingHandlerMapping - Mapped "{[/account/getMyOrderFinish],methods=[GET],params=[],headers=[],consumes=[],produces=[],custom=[]}" onto public java.lang.String kitt.site.controller.GroupBuyController.getMyOrderFinish(kitt.core.util.PageQueryParam,java.util.Map<java.lang.String, java.lang.Object>)
14:17:19.818 [main] INFO  o.s.w.s.m.m.a.RequestMappingHandlerMapping - Mapped "{[/account/giveupQualify],methods=[POST],params=[],headers=[],consumes=[],produces=[],custom=[]}" onto public java.lang.Object kitt.site.controller.GroupBuyController.giveupQualify(java.lang.String)
14:17:19.818 [main] INFO  o.s.w.s.m.m.a.RequestMappingHandlerMapping - Mapped "{[/account/selectOrderDetail],methods=[GET],params=[],headers=[],consumes=[],produces=[],custom=[]}" onto public java.lang.String kitt.site.controller.GroupBuyController.selectOrderDetail(java.lang.String,java.util.Map<java.lang.String, java.lang.Object>)
14:17:19.818 [main] INFO  o.s.w.s.m.m.a.RequestMappingHandlerMapping - Mapped "{[/account/deleteFinishedGroupOrder],methods=[POST],params=[],headers=[],consumes=[],produces=[],custom=[]}" onto public java.lang.Object kitt.site.controller.GroupBuyController.doDeleteGroupOrder(java.lang.String)
14:17:19.818 [main] INFO  o.s.w.s.m.m.a.RequestMappingHandlerMapping - Mapped "{[/account/showDepositContract],methods=[],params=[],headers=[],consumes=[],produces=[],custom=[]}" onto public java.lang.String kitt.site.controller.GroupBuyController.showContract(int,java.lang.String,java.lang.String,javax.servlet.http.HttpServletRequest,java.util.Map<java.lang.String, java.lang.Object>) throws java.io.IOException,freemarker.template.TemplateException,javax.servlet.ServletException
14:17:19.819 [main] INFO  o.s.w.s.m.m.a.RequestMappingHandlerMapping - Mapped "{[/account/showExecutionContract],methods=[],params=[],headers=[],consumes=[],produces=[],custom=[]}" onto public java.lang.String kitt.site.controller.GroupBuyController.showExecutionContract(int,java.lang.String,javax.servlet.http.HttpServletRequest,java.util.Map<java.lang.String, java.lang.Object>) throws java.io.IOException,freemarker.template.TemplateException,javax.servlet.ServletException
14:17:19.819 [main] INFO  o.s.w.s.m.m.a.RequestMappingHandlerMapping - Mapped "{[/],methods=[],params=[],headers=[],consumes=[],produces=[],custom=[]}" onto public java.lang.String kitt.site.controller.IndexController.index(java.util.Map<java.lang.String, java.lang.Object>)
14:17:19.820 [main] INFO  o.s.w.s.m.m.a.RequestMappingHandlerMapping - Mapped "{[/test],methods=[],params=[],headers=[],consumes=[],produces=[],custom=[]}" onto public java.lang.String kitt.site.controller.IndexController.index2()
14:17:19.820 [main] INFO  o.s.w.s.m.m.a.RequestMappingHandlerMapping - Mapped "{[/footer/startOff],methods=[],params=[],headers=[],consumes=[],produces=[],custom=[]}" onto public java.lang.String kitt.site.controller.IndexController.startOff(java.lang.String,java.util.Map<java.lang.String, java.lang.Object>)
14:17:19.820 [main] INFO  o.s.w.s.m.m.a.RequestMappingHandlerMapping - Mapped "{[/footer/buyCoal],methods=[],params=[],headers=[],consumes=[],produces=[],custom=[]}" onto public java.lang.String kitt.site.controller.IndexController.buyCoal()
14:17:19.821 [main] INFO  o.s.w.s.m.m.a.RequestMappingHandlerMapping - Mapped "{[/footer/sellCoal],methods=[],params=[],headers=[],consumes=[],produces=[],custom=[]}" onto public java.lang.String kitt.site.controller.IndexController.sellCoal()
14:17:19.821 [main] INFO  o.s.w.s.m.m.a.RequestMappingHandlerMapping - Mapped "{[/footer/aboutContract],methods=[],params=[],headers=[],consumes=[],produces=[],custom=[]}" onto public java.lang.String kitt.site.controller.IndexController.aboutContract(java.lang.String,java.util.Map<java.lang.String, java.lang.Object>)
14:17:19.821 [main] INFO  o.s.w.s.m.m.a.RequestMappingHandlerMapping - Mapped "{[/footer/aboutServices],methods=[],params=[],headers=[],consumes=[],produces=[],custom=[]}" onto public java.lang.String kitt.site.controller.IndexController.aboutServices(java.lang.String,java.util.Map<java.lang.String, java.lang.Object>)
14:17:19.822 [main] INFO  o.s.w.s.m.m.a.RequestMappingHandlerMapping - Mapped "{[/footer/aboutUs],methods=[],params=[],headers=[],consumes=[],produces=[],custom=[]}" onto public java.lang.String kitt.site.controller.IndexController.aboutUs(java.lang.String,java.util.Map<java.lang.String, java.lang.Object>)
14:17:19.824 [main] INFO  o.s.w.s.m.m.a.RequestMappingHandlerMapping - Mapped "{[/manualsell/delete/{id}],methods=[],params=[],headers=[],consumes=[],produces=[],custom=[]}" onto public java.lang.String kitt.site.controller.ManualSellController.delete(java.lang.Integer)
14:17:19.824 [main] INFO  o.s.w.s.m.m.a.RequestMappingHandlerMapping - Mapped "{[/manualsell/sendVerifyCode],methods=[POST],params=[],headers=[],consumes=[],produces=[],custom=[]}" onto public java.lang.Object kitt.site.controller.ManualSellController.doSendSmsCode(kitt.site.controller.AuthController$PhoneForm,org.springframework.validation.BindingResult) throws java.lang.Exception
14:17:19.824 [main] INFO  o.s.w.s.m.m.a.RequestMappingHandlerMapping - Mapped "{[/manualsell_in],methods=[GET],params=[],headers=[],consumes=[],produces=[],custom=[]}" onto public java.lang.String kitt.site.controller.ManualSellController.manualSella(org.springframework.ui.Model)
14:17:19.824 [main] INFO  o.s.w.s.m.m.a.RequestMappingHandlerMapping - Mapped "{[/manualsell_out],methods=[GET],params=[],headers=[],consumes=[],produces=[],custom=[]}" onto public java.lang.String kitt.site.controller.ManualSellController.manualSellb(org.springframework.ui.Model)
14:17:19.825 [main] INFO  o.s.w.s.m.m.a.RequestMappingHandlerMapping - Mapped "{[/manualsell/save],methods=[POST],params=[],headers=[],consumes=[],produces=[],custom=[]}" onto public java.lang.Object kitt.site.controller.ManualSellController.saveManualSell(kitt.core.domain.ManualSell,org.springframework.validation.BindingResult)
14:17:19.825 [main] INFO  o.s.w.s.m.m.a.RequestMappingHandlerMapping - Mapped "{[/manualsell/list_manualsel_out],methods=[],params=[],headers=[],consumes=[],produces=[],custom=[]}" onto public java.lang.String kitt.site.controller.ManualSellController.showSellList(kitt.core.util.PageQueryParam,java.lang.String,org.springframework.ui.Model)
14:17:19.825 [main] INFO  o.s.w.s.m.m.a.RequestMappingHandlerMapping - Mapped "{[/manualsell/list_manualsel_in],methods=[],params=[],headers=[],consumes=[],produces=[],custom=[]}" onto public java.lang.String kitt.site.controller.ManualSellController.showlookupList(kitt.core.util.PageQueryParam,java.lang.String,org.springframework.ui.Model)
14:17:19.825 [main] INFO  o.s.w.s.m.m.a.RequestMappingHandlerMapping - Mapped "{[/manualsell/load/{id}],methods=[],params=[],headers=[],consumes=[],produces=[],custom=[]}" onto public java.lang.String kitt.site.controller.ManualSellController.findOne(java.lang.String,org.springframework.ui.Model)
14:17:19.832 [main] INFO  o.s.w.s.m.m.a.RequestMappingHandlerMapping - Mapped "{[/account/showContract],methods=[],params=[],headers=[],consumes=[],produces=[],custom=[]}" onto public java.lang.String kitt.site.controller.OrderController.showContract(int,javax.servlet.http.HttpServletRequest,java.util.Map<java.lang.String, java.lang.Object>) throws java.io.IOException,freemarker.template.TemplateException,javax.servlet.ServletException
14:17:19.833 [main] INFO  o.s.w.s.m.m.a.RequestMappingHandlerMapping - Mapped "{[/buy/addOrder],methods=[POST],params=[],headers=[],consumes=[],produces=[],custom=[]}" onto public java.lang.Object kitt.site.controller.OrderController.addMyOrder(kitt.site.controller.OrderController$MyOrderForm,org.springframework.validation.BindingResult)
14:17:19.834 [main] INFO  o.s.w.s.m.m.a.RequestMappingHandlerMapping - Mapped "{[/buy/checkAmount],methods=[POST],params=[],headers=[],consumes=[],produces=[],custom=[]}" onto public java.lang.Object kitt.site.controller.OrderController.doCheckAmount(int,int)
14:17:19.834 [main] INFO  o.s.w.s.m.m.a.RequestMappingHandlerMapping - Mapped "{[/check7days],methods=[],params=[],headers=[],consumes=[],produces=[],custom=[]}" onto public java.lang.Object kitt.site.controller.OrderController.doCheckDays(java.time.LocalDate)
14:17:19.835 [main] INFO  o.s.w.s.m.m.a.RequestMappingHandlerMapping - Mapped "{[/buy/editOrder],methods=[],params=[],headers=[],consumes=[],produces=[],custom=[]}" onto public java.lang.String kitt.site.controller.OrderController.doEditOrder(int,java.util.Map<java.lang.String, java.lang.Object>)
14:17:19.835 [main] INFO  o.s.w.s.m.m.a.RequestMappingHandlerMapping - Mapped "{[/mall/confirmOrder],methods=[],params=[],headers=[],consumes=[],produces=[],custom=[]}" onto public java.lang.String kitt.site.controller.OrderController.doConfirmOrder(java.lang.Integer,javax.servlet.http.HttpServletRequest,java.util.Map<java.lang.String, java.lang.Object>) throws java.io.IOException,freemarker.template.TemplateException,javax.servlet.ServletException
14:17:19.835 [main] INFO  o.s.w.s.m.m.a.RequestMappingHandlerMapping - Mapped "{[/mall/contract],methods=[],params=[],headers=[],consumes=[],produces=[],custom=[]}" onto public java.lang.String kitt.site.controller.OrderController.doSignContract(int,javax.servlet.http.HttpServletRequest,java.util.Map<java.lang.String, java.lang.Object>) throws java.io.IOException,freemarker.template.TemplateException,javax.servlet.ServletException
14:17:19.835 [main] INFO  o.s.w.s.m.m.a.RequestMappingHandlerMapping - Mapped "{[/downloadContract],methods=[],params=[],headers=[],consumes=[],produces=[],custom=[]}" onto public void kitt.site.controller.OrderController.downDZHT(int,javax.servlet.http.HttpServletResponse) throws java.lang.Exception
14:17:19.836 [main] INFO  o.s.w.s.m.m.a.RequestMappingHandlerMapping - Mapped "{[/mall/elecContract],methods=[],params=[],headers=[],consumes=[],produces=[],custom=[]}" onto public java.lang.Object kitt.site.controller.OrderController.doElecContract(int)
14:17:19.836 [main] INFO  o.s.w.s.m.m.a.RequestMappingHandlerMapping - Mapped "{[/mall/payment],methods=[],params=[],headers=[],consumes=[],produces=[],custom=[]}" onto public java.lang.String kitt.site.controller.OrderController.goPayment(int,java.util.Map<java.lang.String, java.lang.Object>)
14:17:19.836 [main] INFO  o.s.w.s.m.m.a.RequestMappingHandlerMapping - Mapped "{[/saveCertificationPic],methods=[POST],params=[],headers=[],consumes=[],produces=[],custom=[]}" onto public java.lang.Object kitt.site.controller.OrderController.savePayDocumentPic(int,org.springframework.web.multipart.MultipartFile,javax.servlet.http.HttpServletResponse) throws java.lang.Exception
14:17:19.836 [main] INFO  o.s.w.s.m.m.a.RequestMappingHandlerMapping - Mapped "{[/deleteCertificationPic],methods=[POST],params=[],headers=[],consumes=[],produces=[],custom=[]}" onto public void kitt.site.controller.OrderController.deletePayDocumentPic(int)
14:17:19.836 [main] INFO  o.s.w.s.m.m.a.RequestMappingHandlerMapping - Mapped "{[/mall/OrderInfo],methods=[],params=[],headers=[],consumes=[],produces=[],custom=[]}" onto public java.lang.String kitt.site.controller.OrderController.doGetMyOrders(java.lang.Integer,java.lang.String,java.util.Map<java.lang.String, java.lang.Object>)
14:17:19.836 [main] INFO  o.s.w.s.m.m.a.RequestMappingHandlerMapping - Mapped "{[/getjtj],methods=[],params=[],headers=[],consumes=[],produces=[],custom=[]}" onto public java.lang.Object kitt.site.controller.OrderController.getJTJ(int,int)
14:17:19.836 [main] INFO  o.s.w.s.m.m.a.RequestMappingHandlerMapping - Mapped "{[/checkAvailableAmount],methods=[],params=[],headers=[],consumes=[],produces=[],custom=[]}" onto public java.lang.Object kitt.site.controller.OrderController.getAvailAmount(int,int)
14:17:19.837 [main] INFO  o.s.w.s.m.m.a.RequestMappingHandlerMapping - Mapped "{[/test/url],methods=[],params=[],headers=[],consumes=[],produces=[],custom=[]}" onto public java.lang.Object kitt.site.controller.OrderController.getServerURL(javax.servlet.http.HttpServletRequest) throws java.net.UnknownHostException
14:17:19.842 [main] INFO  o.s.w.s.m.m.a.RequestMappingHandlerMapping - Mapped "{[/account/getOrderStatus],methods=[],params=[],headers=[],consumes=[],produces=[],custom=[]}" onto public java.lang.Object kitt.site.controller.PersonalCenterController.doGetSellinfoStatus(int)
14:17:19.843 [main] INFO  o.s.w.s.m.m.a.RequestMappingHandlerMapping - Mapped "{[/account/individualCenter],methods=[],params=[],headers=[],consumes=[],produces=[],custom=[]}" onto public java.lang.String kitt.site.controller.PersonalCenterController.individualCenter(java.util.Map<java.lang.String, java.lang.Object>)
14:17:19.843 [main] INFO  o.s.w.s.m.m.a.RequestMappingHandlerMapping - Mapped "{[/account/OrderInfo],methods=[],params=[],headers=[],consumes=[],produces=[],custom=[]}" onto public java.lang.String kitt.site.controller.PersonalCenterController.doGetMyOrders(int,java.lang.String,java.util.Map<java.lang.String, java.lang.Object>)
14:17:19.843 [main] INFO  o.s.w.s.m.m.a.RequestMappingHandlerMapping - Mapped "{[/account/accountInfo],methods=[],params=[],headers=[],consumes=[],produces=[],custom=[]}" onto public java.lang.String kitt.site.controller.PersonalCenterController.accountInfo(kitt.core.util.PageQueryParam,java.util.Map<java.lang.String, java.lang.Object>)
14:17:19.844 [main] INFO  o.s.w.s.m.m.a.RequestMappingHandlerMapping - Mapped "{[/account/getMyAccount],methods=[],params=[],headers=[],consumes=[],produces=[],custom=[]}" onto public java.lang.String kitt.site.controller.PersonalCenterController.Certification(kitt.core.util.PageQueryParam,java.util.Map<java.lang.String, java.lang.Object>)
14:17:19.845 [main] INFO  o.s.w.s.m.m.a.RequestMappingHandlerMapping - Mapped "{[/account/accountSecurity],methods=[],params=[],headers=[],consumes=[],produces=[],custom=[]}" onto public java.lang.String kitt.site.controller.PersonalCenterController.accountSecurity(kitt.core.util.PageQueryParam,java.util.Map<java.lang.String, java.lang.Object>)
14:17:19.846 [main] INFO  o.s.w.s.m.m.a.RequestMappingHandlerMapping - Mapped "{[/account/getMyDemand],methods=[],params=[],headers=[],consumes=[],produces=[],custom=[]}" onto public java.lang.String kitt.site.controller.PersonalCenterController.myRelease(kitt.core.util.PageQueryParam,java.util.Map<java.lang.String, java.lang.Object>)
14:17:19.846 [main] INFO  o.s.w.s.m.m.a.RequestMappingHandlerMapping - Mapped "{[/account/viewMyDemand],methods=[],params=[],headers=[],consumes=[],produces=[],custom=[]}" onto public java.lang.String kitt.site.controller.PersonalCenterController.viewMyDemand(java.lang.String,java.lang.String,java.lang.String,java.lang.String,java.util.Map<java.lang.String, java.lang.Object>)
14:17:19.848 [main] INFO  o.s.w.s.m.m.a.RequestMappingHandlerMapping - Mapped "{[/account/deleteMydemand],methods=[],params=[],headers=[],consumes=[],produces=[],custom=[]}" onto public java.lang.String kitt.site.controller.PersonalCenterController.deleteMydemand(java.lang.String)
14:17:19.849 [main] INFO  o.s.w.s.m.m.a.RequestMappingHandlerMapping - Mapped "{[/account/cancelMydemand],methods=[],params=[],headers=[],consumes=[],produces=[],custom=[]}" onto public java.lang.String kitt.site.controller.PersonalCenterController.cancelMydemand(java.lang.String)
14:17:19.849 [main] INFO  o.s.w.s.m.m.a.RequestMappingHandlerMapping - Mapped "{[/account/getMyOrders],methods=[],params=[],headers=[],consumes=[],produces=[],custom=[]}" onto public java.lang.String kitt.site.controller.PersonalCenterController.myOrder(kitt.core.util.PageQueryParam,java.util.Map<java.lang.String, java.lang.Object>)
14:17:19.849 [main] INFO  o.s.w.s.m.m.a.RequestMappingHandlerMapping - Mapped "{[/account/payMyOrders],methods=[],params=[],headers=[],consumes=[],produces=[],custom=[]}" onto public java.lang.Object kitt.site.controller.PersonalCenterController.payMyOrder(int)
14:17:19.849 [main] INFO  o.s.w.s.m.m.a.RequestMappingHandlerMapping - Mapped "{[/account/getMySellOrders],methods=[],params=[],headers=[],consumes=[],produces=[],custom=[]}" onto public java.lang.String kitt.site.controller.PersonalCenterController.mySellOrder(kitt.core.util.PageQueryParam,java.util.Map<java.lang.String, java.lang.Object>)
14:17:19.850 [main] INFO  o.s.w.s.m.m.a.RequestMappingHandlerMapping - Mapped "{[/account/getMyFinishedOrders],methods=[],params=[],headers=[],consumes=[],produces=[],custom=[]}" onto public java.lang.String kitt.site.controller.PersonalCenterController.getMyFinishedOrders(kitt.core.util.PageQueryParam,java.util.Map<java.lang.String, java.lang.Object>)
14:17:19.850 [main] INFO  o.s.w.s.m.m.a.RequestMappingHandlerMapping - Mapped "{[/account/getMySellFinishedOrders],methods=[],params=[],headers=[],consumes=[],produces=[],custom=[]}" onto public java.lang.String kitt.site.controller.PersonalCenterController.getMySellFinishedOrders(kitt.core.util.PageQueryParam,java.util.Map<java.lang.String, java.lang.Object>)
14:17:19.850 [main] INFO  o.s.w.s.m.m.a.RequestMappingHandlerMapping - Mapped "{[/account/getMyCanceledOrders],methods=[],params=[],headers=[],consumes=[],produces=[],custom=[]}" onto public java.lang.String kitt.site.controller.PersonalCenterController.getMyCancelOrders(kitt.core.util.PageQueryParam,java.util.Map<java.lang.String, java.lang.Object>)
14:17:19.850 [main] INFO  o.s.w.s.m.m.a.RequestMappingHandlerMapping - Mapped "{[/account/getMySellCanceledOrders],methods=[],params=[],headers=[],consumes=[],produces=[],custom=[]}" onto public java.lang.String kitt.site.controller.PersonalCenterController.getMySellCancelOrders(kitt.core.util.PageQueryParam,java.util.Map<java.lang.String, java.lang.Object>)
14:17:19.851 [main] INFO  o.s.w.s.m.m.a.RequestMappingHandlerMapping - Mapped "{[/account/getMyReturnedOrders],methods=[],params=[],headers=[],consumes=[],produces=[],custom=[]}" onto public java.lang.String kitt.site.controller.PersonalCenterController.getMyReturnOrders(kitt.core.util.PageQueryParam,java.util.Map<java.lang.String, java.lang.Object>)
14:17:19.851 [main] INFO  o.s.w.s.m.m.a.RequestMappingHandlerMapping - Mapped "{[/account/applyReturnGoods],methods=[],params=[],headers=[],consumes=[],produces=[],custom=[]}" onto public java.lang.Object kitt.site.controller.PersonalCenterController.doApplyReturnGoods(int)
14:17:19.851 [main] INFO  o.s.w.s.m.m.a.RequestMappingHandlerMapping - Mapped "{[/account/cancelReturnGoods],methods=[],params=[],headers=[],consumes=[],produces=[],custom=[]}" onto public java.lang.Object kitt.site.controller.PersonalCenterController.doCancelReturnGoods(int)
14:17:19.851 [main] INFO  o.s.w.s.m.m.a.RequestMappingHandlerMapping - Mapped "{[/account/cancelOrder],methods=[],params=[],headers=[],consumes=[],produces=[],custom=[]}" onto public java.lang.Object kitt.site.controller.PersonalCenterController.doCancelOrder(int,java.lang.String)
14:17:19.851 [main] INFO  o.s.w.s.m.m.a.RequestMappingHandlerMapping - Mapped "{[/account/deleteOrder],methods=[],params=[],headers=[],consumes=[],produces=[],custom=[]}" onto public java.lang.Object kitt.site.controller.PersonalCenterController.doDeleteBuyOrder(int)
14:17:19.852 [main] INFO  o.s.w.s.m.m.a.RequestMappingHandlerMapping - Mapped "{[/account/deleteSellOrder],methods=[],params=[],headers=[],consumes=[],produces=[],custom=[]}" onto public java.lang.Object kitt.site.controller.PersonalCenterController.doDeleteSellOrder(int,java.lang.String)
14:17:19.852 [main] INFO  o.s.w.s.m.m.a.RequestMappingHandlerMapping - Mapped "{[/account/getMyInterest],methods=[],params=[],headers=[],consumes=[],produces=[],custom=[]}" onto public java.lang.String kitt.site.controller.PersonalCenterController.getMyInterest(java.util.Map<java.lang.String, java.lang.Object>,kitt.core.util.PageQueryParam)
14:17:19.852 [main] INFO  o.s.w.s.m.m.a.RequestMappingHandlerMapping - Mapped "{[/account/getMyInterestDemand],methods=[],params=[],headers=[],consumes=[],produces=[],custom=[]}" onto public java.lang.String kitt.site.controller.PersonalCenterController.getMyInterestDemand(java.util.Map<java.lang.String, java.lang.Object>,kitt.core.util.PageQueryParam)
14:17:19.853 [main] INFO  o.s.w.s.m.m.a.RequestMappingHandlerMapping - Mapped "{[/account/cancelMyInterest],methods=[],params=[],headers=[],consumes=[],produces=[],custom=[]}" onto public java.lang.Object kitt.site.controller.PersonalCenterController.doCancelMyInterest(int)
14:17:19.854 [main] INFO  o.s.w.s.m.m.a.RequestMappingHandlerMapping - Mapped "{[/account/deleteMyquote],methods=[POST],params=[],headers=[],consumes=[],produces=[],custom=[]}" onto public java.lang.String kitt.site.controller.PersonalCenterController.deleteMyquote(java.lang.Integer)
14:17:19.854 [main] INFO  o.s.w.s.m.m.a.RequestMappingHandlerMapping - Mapped "{[/account/getMyQuote],methods=[],params=[],headers=[],consumes=[],produces=[],custom=[]}" onto public java.lang.String kitt.site.controller.PersonalCenterController.myQuoteUnderway(kitt.core.util.PageQueryParam,java.util.Map<java.lang.String, java.lang.Object>)
14:17:19.855 [main] INFO  o.s.w.s.m.m.a.RequestMappingHandlerMapping - Mapped "{[/account/viewMyQuote],methods=[],params=[],headers=[],consumes=[],produces=[],custom=[]}" onto public java.lang.String kitt.site.controller.PersonalCenterController.viewMyQuote(java.lang.Integer,java.lang.String,java.util.Map<java.lang.String, java.lang.Object>)
14:17:19.855 [main] INFO  o.s.w.s.m.m.a.RequestMappingHandlerMapping - Mapped "{[/account/getMyQuoteBid],methods=[],params=[],headers=[],consumes=[],produces=[],custom=[]}" onto public java.lang.String kitt.site.controller.PersonalCenterController.myQuoteBid(kitt.core.util.PageQueryParam,java.util.Map<java.lang.String, java.lang.Object>)
14:17:19.855 [main] INFO  o.s.w.s.m.m.a.RequestMappingHandlerMapping - Mapped "{[/account/getMyQuoteNotBid],methods=[],params=[],headers=[],consumes=[],produces=[],custom=[]}" onto public java.lang.String kitt.site.controller.PersonalCenterController.myQuoteNotBid(kitt.core.util.PageQueryParam,java.util.Map<java.lang.String, java.lang.Object>)
14:17:19.856 [main] INFO  o.s.w.s.m.m.a.RequestMappingHandlerMapping - Mapped "{[/account/getSupplyDetail],methods=[],params=[],headers=[],consumes=[],produces=[],custom=[]}" onto public java.lang.String kitt.site.controller.PersonalCenterController.doGetSellDetail(int,java.lang.String,java.util.Map<java.lang.String, java.lang.Object>)
14:17:19.856 [main] INFO  o.s.w.s.m.m.a.RequestMappingHandlerMapping - Mapped "{[/account/getMySupply],methods=[],params=[],headers=[],consumes=[],produces=[],custom=[]}" onto public java.lang.String kitt.site.controller.PersonalCenterController.doGetMySupply(kitt.core.util.PageQueryParam,java.util.Map<java.lang.String, java.lang.Object>)
14:17:19.856 [main] INFO  o.s.w.s.m.m.a.RequestMappingHandlerMapping - Mapped "{[/account/deleteMySupply],methods=[],params=[],headers=[],consumes=[],produces=[],custom=[]}" onto public java.lang.Object kitt.site.controller.PersonalCenterController.doDeleteMySupply(int)
14:17:19.856 [main] INFO  o.s.w.s.m.m.a.RequestMappingHandlerMapping - Mapped "{[/account/cancelRelease],methods=[],params=[],headers=[],consumes=[],produces=[],custom=[]}" onto public java.lang.Object kitt.site.controller.PersonalCenterController.doCancelSellinfo(int)
14:17:19.856 [main] INFO  o.s.w.s.m.m.a.RequestMappingHandlerMapping - Mapped "{[/account/saveMyaccount],methods=[POST],params=[],headers=[],consumes=[],produces=[],custom=[]}" onto public java.lang.String kitt.site.controller.PersonalCenterController.saveMyaccount(java.lang.String,java.lang.String)
14:17:19.856 [main] INFO  o.s.w.s.m.m.a.RequestMappingHandlerMapping - Mapped "{[/storage],methods=[],params=[],headers=[],consumes=[],produces=[],custom=[]}" onto public java.lang.String kitt.site.controller.StorageController.gotoStorage()
14:17:19.857 [main] INFO  o.s.w.s.m.m.a.RequestMappingHandlerMapping - Mapped "{[/verifyCode],methods=[GET],params=[],headers=[],consumes=[],produces=[],custom=[]}" onto public void kitt.site.controller.VerifyCodeController.service(javax.servlet.http.HttpServletResponse) throws javax.servlet.ServletException,java.io.IOException
14:17:19.861 [main] INFO  o.s.w.s.m.m.a.RequestMappingHandlerMapping - Mapped "{[/error],methods=[],params=[],headers=[],consumes=[],produces=[],custom=[]}" onto public org.springframework.http.ResponseEntity<java.util.Map<java.lang.String, java.lang.Object>> org.springframework.boot.autoconfigure.web.BasicErrorController.error(javax.servlet.http.HttpServletRequest)
14:17:19.862 [main] INFO  o.s.w.s.m.m.a.RequestMappingHandlerMapping - Mapped "{[/error],methods=[],params=[],headers=[],consumes=[],produces=[text/html],custom=[]}" onto public org.springframework.web.servlet.ModelAndView org.springframework.boot.autoconfigure.web.BasicErrorController.errorHtml(javax.servlet.http.HttpServletRequest)
14:17:19.916 [main] INFO  o.s.w.s.h.SimpleUrlHandlerMapping - Mapped URL path [/files/**] onto handler of type [class org.springframework.web.servlet.resource.ResourceHttpRequestHandler]
14:17:19.916 [main] INFO  o.s.w.s.h.SimpleUrlHandlerMapping - Mapped URL path [/bower_components/**] onto handler of type [class org.springframework.web.servlet.resource.ResourceHttpRequestHandler]
14:17:19.916 [main] INFO  o.s.w.s.h.SimpleUrlHandlerMapping - Mapped URL path [/images/**] onto handler of type [class org.springframework.web.servlet.resource.ResourceHttpRequestHandler]
14:17:19.916 [main] INFO  o.s.w.s.h.SimpleUrlHandlerMapping - Mapped URL path [/scripts/**] onto handler of type [class org.springframework.web.servlet.resource.ResourceHttpRequestHandler]
14:17:19.916 [main] INFO  o.s.w.s.h.SimpleUrlHandlerMapping - Mapped URL path [/webjars/**] onto handler of type [class org.springframework.web.servlet.resource.ResourceHttpRequestHandler]
14:17:19.916 [main] INFO  o.s.w.s.h.SimpleUrlHandlerMapping - Mapped URL path [/styles/**] onto handler of type [class org.springframework.web.servlet.resource.ResourceHttpRequestHandler]
14:17:19.916 [main] INFO  o.s.w.s.h.SimpleUrlHandlerMapping - Mapped URL path [/**] onto handler of type [class org.springframework.web.servlet.resource.ResourceHttpRequestHandler]
14:17:20.587 [main] INFO  o.s.j.e.a.AnnotationMBeanExporter - Registering beans for JMX exposure on startup
14:17:20.640 [main] INFO  o.s.b.a.e.jmx.EndpointMBeanExporter - Registering beans for JMX exposure on startup
14:17:20.735 [main] INFO  o.s.b.a.e.mvc.EndpointHandlerMapping - Mapped "{[/env/{name:.*}],methods=[GET],params=[],headers=[],consumes=[],produces=[],custom=[]}" onto public java.lang.Object org.springframework.boot.actuate.endpoint.mvc.EnvironmentMvcEndpoint.value(java.lang.String)
14:17:20.735 [main] INFO  o.s.b.a.e.mvc.EndpointHandlerMapping - Mapped "{[/env],methods=[GET],params=[],headers=[],consumes=[],produces=[],custom=[]}" onto public java.lang.Object org.springframework.boot.actuate.endpoint.mvc.EndpointMvcAdapter.invoke()
14:17:20.735 [main] INFO  o.s.b.a.e.mvc.EndpointHandlerMapping - Mapped "{[/autoconfig],methods=[GET],params=[],headers=[],consumes=[],produces=[],custom=[]}" onto public java.lang.Object org.springframework.boot.actuate.endpoint.mvc.EndpointMvcAdapter.invoke()
14:17:20.735 [main] INFO  o.s.b.a.e.mvc.EndpointHandlerMapping - Mapped "{[/beans],methods=[GET],params=[],headers=[],consumes=[],produces=[],custom=[]}" onto public java.lang.Object org.springframework.boot.actuate.endpoint.mvc.EndpointMvcAdapter.invoke()
14:17:20.736 [main] INFO  o.s.b.a.e.mvc.EndpointHandlerMapping - Mapped "{[/metrics/{name:.*}],methods=[GET],params=[],headers=[],consumes=[],produces=[],custom=[]}" onto public java.lang.Object org.springframework.boot.actuate.endpoint.mvc.MetricsMvcEndpoint.value(java.lang.String)
14:17:20.736 [main] INFO  o.s.b.a.e.mvc.EndpointHandlerMapping - Mapped "{[/metrics],methods=[GET],params=[],headers=[],consumes=[],produces=[],custom=[]}" onto public java.lang.Object org.springframework.boot.actuate.endpoint.mvc.EndpointMvcAdapter.invoke()
14:17:20.736 [main] INFO  o.s.b.a.e.mvc.EndpointHandlerMapping - Mapped "{[/shutdown],methods=[POST],params=[],headers=[],consumes=[],produces=[],custom=[]}" onto public java.lang.Object org.springframework.boot.actuate.endpoint.mvc.ShutdownMvcEndpoint.invoke()
14:17:20.736 [main] INFO  o.s.b.a.e.mvc.EndpointHandlerMapping - Mapped "{[/configprops],methods=[GET],params=[],headers=[],consumes=[],produces=[],custom=[]}" onto public java.lang.Object org.springframework.boot.actuate.endpoint.mvc.EndpointMvcAdapter.invoke()
14:17:20.736 [main] INFO  o.s.b.a.e.mvc.EndpointHandlerMapping - Mapped "{[/mappings],methods=[GET],params=[],headers=[],consumes=[],produces=[],custom=[]}" onto public java.lang.Object org.springframework.boot.actuate.endpoint.mvc.EndpointMvcAdapter.invoke()
14:17:20.736 [main] INFO  o.s.b.a.e.mvc.EndpointHandlerMapping - Mapped "{[/dump],methods=[GET],params=[],headers=[],consumes=[],produces=[],custom=[]}" onto public java.lang.Object org.springframework.boot.actuate.endpoint.mvc.EndpointMvcAdapter.invoke()
14:17:20.737 [main] INFO  o.s.b.a.e.mvc.EndpointHandlerMapping - Mapped "{[/health],methods=[],params=[],headers=[],consumes=[],produces=[],custom=[]}" onto public java.lang.Object org.springframework.boot.actuate.endpoint.mvc.HealthMvcEndpoint.invoke()
14:17:20.737 [main] INFO  o.s.b.a.e.mvc.EndpointHandlerMapping - Mapped "{[/trace],methods=[GET],params=[],headers=[],consumes=[],produces=[],custom=[]}" onto public java.lang.Object org.springframework.boot.actuate.endpoint.mvc.EndpointMvcAdapter.invoke()
14:17:20.737 [main] INFO  o.s.b.a.e.mvc.EndpointHandlerMapping - Mapped "{[/info],methods=[GET],params=[],headers=[],consumes=[],produces=[],custom=[]}" onto public java.lang.Object org.springframework.boot.actuate.endpoint.mvc.EndpointMvcAdapter.invoke()
14:17:20.817 [main] INFO  o.s.c.s.DefaultLifecycleProcessor - Starting beans in phase 0
14:17:20.821 [main] INFO  o.s.b.a.e.jmx.EndpointMBeanExporter - Located managed bean 'requestMappingEndpoint': registering with JMX server as MBean [org.springframework.boot:type=Endpoint,name=requestMappingEndpoint]
14:17:20.861 [main] INFO  o.s.b.a.e.jmx.EndpointMBeanExporter - Located managed bean 'environmentEndpoint': registering with JMX server as MBean [org.springframework.boot:type=Endpoint,name=environmentEndpoint]
14:17:20.868 [main] INFO  o.s.b.a.e.jmx.EndpointMBeanExporter - Located managed bean 'healthEndpoint': registering with JMX server as MBean [org.springframework.boot:type=Endpoint,name=healthEndpoint]
14:17:20.872 [main] INFO  o.s.b.a.e.jmx.EndpointMBeanExporter - Located managed bean 'beansEndpoint': registering with JMX server as MBean [org.springframework.boot:type=Endpoint,name=beansEndpoint]
14:17:20.876 [main] INFO  o.s.b.a.e.jmx.EndpointMBeanExporter - Located managed bean 'infoEndpoint': registering with JMX server as MBean [org.springframework.boot:type=Endpoint,name=infoEndpoint]
14:17:20.888 [main] INFO  o.s.b.a.e.jmx.EndpointMBeanExporter - Located managed bean 'metricsEndpoint': registering with JMX server as MBean [org.springframework.boot:type=Endpoint,name=metricsEndpoint]
14:17:20.895 [main] INFO  o.s.b.a.e.jmx.EndpointMBeanExporter - Located managed bean 'traceEndpoint': registering with JMX server as MBean [org.springframework.boot:type=Endpoint,name=traceEndpoint]
14:17:20.899 [main] INFO  o.s.b.a.e.jmx.EndpointMBeanExporter - Located managed bean 'dumpEndpoint': registering with JMX server as MBean [org.springframework.boot:type=Endpoint,name=dumpEndpoint]
14:17:20.908 [main] INFO  o.s.b.a.e.jmx.EndpointMBeanExporter - Located managed bean 'autoConfigurationAuditEndpoint': registering with JMX server as MBean [org.springframework.boot:type=Endpoint,name=autoConfigurationAuditEndpoint]
14:17:20.911 [main] INFO  o.s.b.a.e.jmx.EndpointMBeanExporter - Located managed bean 'shutdownEndpoint': registering with JMX server as MBean [org.springframework.boot:type=Endpoint,name=shutdownEndpoint]
14:17:20.926 [main] INFO  o.s.b.a.e.jmx.EndpointMBeanExporter - Located managed bean 'configurationPropertiesReportEndpoint': registering with JMX server as MBean [org.springframework.boot:type=Endpoint,name=configurationPropertiesReportEndpoint]
14:17:20.964 [main] INFO  / - Initializing Spring FrameworkServlet 'dispatcherServlet'
14:17:20.964 [main] INFO  o.s.web.servlet.DispatcherServlet - FrameworkServlet 'dispatcherServlet': initialization started
14:17:21.093 [main] INFO  o.s.web.servlet.DispatcherServlet - FrameworkServlet 'dispatcherServlet': initialization completed in 128 ms
14:17:21.221 [main] INFO  o.e.jetty.server.AbstractConnector - Started SelectChannelConnector@0.0.0.0:8080
14:17:21.234 [main] INFO  o.s.b.c.e.j.JettyEmbeddedServletContainer - Jetty started on port: 8080
14:17:21.237 [main] INFO  kitt.site.Application - Started Application in 8.752 seconds (JVM running for 9.605)
14:17:22.311 [qtp99277234-16] INFO  jdbc.sqltiming - select * from sellinfo where status='VerifyPass' and availquantity > 0 and seller='' order 
by producttype desc, lastupdatetime desc limit 5 
 {executed in 31 msec}
14:17:22.313 [pool-1-thread-1] INFO  jdbc.sqltiming - select * from groupbuysupply where status='GROUP_BUY_SUPPLY_INPROGRESS' and isdelete=false 
 {executed in 31 msec}
14:17:23.848 [qtp99277234-16] INFO  jdbc.sqltiming - select id from articles where path='/' and isdelete=0 
 {executed in 41 msec}
14:17:23.850 [pool-1-thread-1] INFO  jdbc.sqltiming - select * from orders where status='WaitConfirmed' 
 {executed in 43 msec}
14:17:24.000 [pool-1-thread-1] INFO  jdbc.sqltiming - select * from orders where status='WaitSignContract' 
 {executed in 16 msec}
14:17:24.001 [qtp99277234-16] INFO  jdbc.sqltiming - select * from articles where parentid=419 and isdelete=0 order by sequence asc, createtime 
desc limit 5 
 {executed in 17 msec}
14:17:25.222 [qtp99277234-16] INFO  jdbc.sqltiming - select id from articles where path='/BSPI' and isdelete=0 
 {executed in 36 msec}
14:17:25.240 [pool-1-thread-1] INFO  jdbc.sqltiming - select * from orders where status='WaitPayment' 
 {executed in 54 msec}
14:17:27.812 [qtp99277234-16] INFO  jdbc.sqltiming - select * from articles where parentid=421 and isdelete=0 order by sequence asc, createtime 
desc limit 2 
 {executed in 623 msec}
14:17:28.108 [pool-1-thread-1] INFO  jdbc.sqltiming - select * from sellinfo where status='VerifyPass' order by seller desc 
 {executed in 295 msec}
14:17:29.360 [qtp99277234-16] INFO  jdbc.sqltiming - select id from articles where path='/API8' and isdelete=0 
 {executed in 14 msec}
14:17:31.404 [pool-1-thread-1] INFO  jdbc.sqltiming - select * from sellinfo where status='WaitConfirmed' order by seller desc 
 {executed in 1330 msec}
14:17:31.424 [qtp99277234-16] INFO  jdbc.sqltiming - select * from articles where parentid=422 and isdelete=0 order by sequence asc, createtime 
desc limit 2 
 {executed in 5 msec}
14:17:31.510 [qtp99277234-16] INFO  jdbc.sqltiming - select id from articles where path='/TC' and isdelete=0 
 {executed in 3 msec}
14:17:31.912 [qtp99277234-16] INFO  jdbc.sqltiming - select * from articles where parentid=423 and isdelete=0 order by sequence asc, createtime 
desc limit 2 
 {executed in 2 msec}
14:17:32.033 [qtp99277234-16] INFO  jdbc.sqltiming - select * from orders where status='Completed' 
 {executed in 62 msec}
14:17:32.341 [qtp99277234-16] INFO  jdbc.sqltiming - select * from orders where status = 'Completed' order by createtime desc limit 30 
 {executed in 135 msec}
14:17:32.606 [qtp99277234-16] INFO  jdbc.sqltiming - select * from sellinfo where id=78 
 {executed in 24 msec}
14:17:33.328 [qtp99277234-16] INFO  jdbc.sqltiming - select * from sellinfo where id=78 
 {executed in 207 msec}
14:17:33.619 [qtp99277234-16] INFO  jdbc.sqltiming - select * from sellinfo where id=78 
 {executed in 12 msec}
14:17:34.423 [qtp99277234-16] INFO  jdbc.sqltiming - select * from sellinfo where id=78 
 {executed in 22 msec}
14:17:35.255 [qtp99277234-16] INFO  jdbc.sqltiming - select * from sellinfo where id=57 
 {executed in 324 msec}
14:17:35.622 [qtp99277234-16] INFO  jdbc.sqltiming - select * from sellinfo where id=57 
 {executed in 46 msec}
14:17:36.283 [qtp99277234-16] INFO  jdbc.sqltiming - select * from sellinfo where id=75 
 {executed in 7 msec}
14:17:36.440 [qtp99277234-16] INFO  jdbc.sqltiming - select * from sellinfo where id=78 
 {executed in 79 msec}
14:17:36.952 [qtp99277234-16] INFO  jdbc.sqltiming - select * from sellinfo where id=70 
 {executed in 15 msec}
14:17:37.608 [qtp99277234-16] INFO  jdbc.sqltiming - select * from sellinfo where id=67 
 {executed in 56 msec}
14:17:37.932 [qtp99277234-16] INFO  jdbc.sqltiming - select * from sellinfo where id=51 
 {executed in 14 msec}
14:17:38.346 [qtp99277234-16] INFO  jdbc.sqltiming - select * from sellinfo where id=56 
 {executed in 22 msec}
14:17:38.845 [qtp99277234-16] INFO  jdbc.sqltiming - select * from sellinfo where id=51 
 {executed in 50 msec}
14:17:39.426 [qtp99277234-16] INFO  jdbc.sqltiming - select * from sellinfo where id=59 
 {executed in 83 msec}
14:17:39.970 [qtp99277234-16] INFO  jdbc.sqltiming - select * from sellinfo where id=59 
 {executed in 106 msec}
14:17:41.105 [qtp99277234-16] INFO  jdbc.sqltiming - select * from sellinfo where id=56 
 {executed in 199 msec}
14:17:41.881 [qtp99277234-16] INFO  jdbc.sqltiming - select * from sellinfo where id=54 
 {executed in 2 msec}
14:17:42.048 [qtp99277234-16] INFO  jdbc.sqltiming - select * from sellinfo where id=44 
 {executed in 16 msec}
14:17:42.550 [qtp99277234-16] INFO  jdbc.sqltiming - select * from sellinfo where id=40 
 {executed in 16 msec}
14:17:42.728 [qtp99277234-16] INFO  jdbc.sqltiming - select * from sellinfo where id=9 
 {executed in 4 msec}
14:17:42.905 [qtp99277234-16] INFO  jdbc.sqltiming - select * from sellinfo where id=40 
 {executed in 21 msec}
14:17:43.033 [qtp99277234-16] INFO  jdbc.sqltiming - select * from sellinfo where id=31 
 {executed in 6 msec}
14:17:44.275 [qtp99277234-16] INFO  jdbc.sqltiming - select * from sellinfo where id=30 
 {executed in 263 msec}
14:17:45.421 [qtp99277234-16] INFO  jdbc.sqltiming - select * from sellinfo where id=31 
 {executed in 115 msec}
14:17:46.831 [qtp99277234-16] INFO  jdbc.sqltiming - select * from sellinfo where id=37 
 {executed in 4 msec}
14:17:47.060 [qtp99277234-16] INFO  jdbc.sqltiming - select * from sellinfo where id=22 
 {executed in 31 msec}
14:17:47.576 [qtp99277234-16] INFO  jdbc.sqltiming - select * from sellinfo where id=30 
 {executed in 99 msec}
14:17:49.316 [qtp99277234-16] INFO  jdbc.sqltiming - select * from sellinfo where id=37 
 {executed in 472 msec}
14:17:52.033 [qtp99277234-16] INFO  jdbc.sqltiming - select * from sellinfo where id=35 
 {executed in 138 msec}
14:17:52.617 [qtp99277234-16] INFO  jdbc.sqltiming - select * from sellinfo where id=30 
 {executed in 163 msec}
14:17:54.845 [qtp99277234-16] INFO  jdbc.sqltiming - select * from charts where type='BSPI' order by tradedate desc limit 12 
 {executed in 17 msec}
14:17:55.390 [qtp99277234-16] INFO  jdbc.sqltiming - select * from charts where type='API8' order by tradedate desc limit 10 
 {executed in 10 msec}
14:17:55.724 [qtp99277234-16] INFO  jdbc.sqltiming - select * from charts where type='TC1505' order by tradedate desc limit 10 
 {executed in 8 msec}
14:17:55.974 [qtp99277234-16] INFO  jdbc.sqltiming - select * from chartconfine where type='BSPI' 
 {executed in 3 msec}
14:17:56.170 [qtp99277234-16] INFO  jdbc.sqltiming - select * from chartconfine where type='API8' 
 {executed in 3 msec}
14:17:56.564 [qtp99277234-16] INFO  jdbc.sqltiming - select * from chartconfine where type='TC1505' 
 {executed in 30 msec}
14:17:57.014 [qtp99277234-16] INFO  jdbc.sqltiming - select deliveryregion,deliveryplace,NCV from sellinfo where status='VerifyPass' and pname='' 
and seller='' and supplyquantity>0 
 {executed in 21 msec}
14:17:57.527 [qtp99277234-16] INFO  jdbc.sqltiming - select deliveryregion,deliveryplace,NCV from sellinfo where status='VerifyPass' and pname='' 
and seller='' and supplyquantity>0 
 {executed in 314 msec}
14:17:59.086 [qtp99277234-16] INFO  jdbc.sqltiming - select IFNULL(SUM(`availquantity`), 0) from sellinfo where status='VerifyPass' and pname='' 
and seller='' 
 {executed in 104 msec}
14:18:00.389 [qtp99277234-16] INFO  jdbc.sqltiming - select IFNULL(SUM(demandamount),0) from demands where checkstatus='' and isdelete=0 and 
coaltype='' 
 {executed in 716 msec}
14:18:01.782 [qtp99277234-16] INFO  jdbc.sqltiming - select IFNULL(SUM(`availquantity`), 0) from sellinfo where status='VerifyPass' and pname='' 
and seller='' 
 {executed in 76 msec}
14:18:02.665 [qtp99277234-16] INFO  jdbc.sqltiming - select IFNULL(SUM(demandamount),0) from demands where checkstatus='' and isdelete=0 and 
coaltype='' 
 {executed in 24 msec}
14:18:08.120 [Thread-2] INFO  o.s.b.c.e.AnnotationConfigEmbeddedWebApplicationContext - Closing org.springframework.boot.context.embedded.AnnotationConfigEmbeddedWebApplicationContext@6dfa5673: startup date [Fri Mar 20 14:17:12 CST 2015]; root of context hierarchy
14:18:08.122 [Thread-2] INFO  o.s.c.s.DefaultLifecycleProcessor - Stopping beans in phase 0
14:18:08.125 [Thread-2] INFO  o.s.b.a.e.jmx.EndpointMBeanExporter - Unregistering JMX-exposed beans on shutdown
14:18:08.126 [Thread-2] INFO  o.s.j.e.a.AnnotationMBeanExporter - Unregistering JMX-exposed beans on shutdown
14:18:08.154 [Thread-2] INFO  / - Destroying Spring FrameworkServlet 'dispatcherServlet'
14:18:08.157 [Thread-2] INFO  o.e.j.server.handler.ContextHandler - stopped o.s.b.c.e.j.JettyEmbeddedWebAppContext{/,null}
