
  .   ____          _            __ _ _
 /\\ / ___'_ __ _ _(_)_ __  __ _ \ \ \ \
( ( )\___ | '_ | '_| | '_ \/ _` | \ \ \ \
 \\/  ___)| |_)| | | | | || (_| |  ) ) ) )
  '  |____| .__|_| |_|_| |_\__, | / / / /
 =========|_|==============|___/=/_/_/_/
 :: Spring Boot ::        (v1.1.8.RELEASE)

14:15:51.605 [main] INFO  kitt.admin.Application - Starting Application on zhoukaideMacBook-Pro.local with PID 5486 (/Users/zhoukai/Desktop/code/kitt/admin/build/libs/admin-0.0.1-SNAPSHOT.jar started by zhoukai in /Users/zhoukai/Desktop/code/kitt/admin)
14:15:51.668 [main] INFO  o.s.b.c.e.AnnotationConfigEmbeddedWebApplicationContext - Refreshing org.springframework.boot.context.embedded.AnnotationConfigEmbeddedWebApplicationContext@60949956: startup date [Fri Mar 20 14:15:51 CST 2015]; root of context hierarchy
14:15:52.818 [main] INFO  o.s.b.f.s.DefaultListableBeanFactory - Overriding bean definition for bean 'beanNameViewResolver': replacing [Root bean: class [null]; scope=; abstract=false; lazyInit=false; autowireMode=3; dependencyCheck=0; autowireCandidate=true; primary=false; factoryBeanName=org.springframework.boot.autoconfigure.web.ErrorMvcAutoConfiguration$WhitelabelErrorViewConfiguration; factoryMethodName=beanNameViewResolver; initMethodName=null; destroyMethodName=(inferred); defined in class path resource [org/springframework/boot/autoconfigure/web/ErrorMvcAutoConfiguration$WhitelabelErrorViewConfiguration.class]] with [Root bean: class [null]; scope=; abstract=false; lazyInit=false; autowireMode=3; dependencyCheck=0; autowireCandidate=true; primary=false; factoryBeanName=org.springframework.boot.autoconfigure.web.WebMvcAutoConfiguration$WebMvcAutoConfigurationAdapter; factoryMethodName=beanNameViewResolver; initMethodName=null; destroyMethodName=(inferred); defined in class path resource [org/springframework/boot/autoconfigure/web/WebMvcAutoConfiguration$WebMvcAutoConfigurationAdapter.class]]
14:15:53.793 [main] INFO  o.h.validator.internal.util.Version - HV000001: Hibernate Validator 5.0.3.Final
14:15:54.035 [main] INFO  o.s.c.s.PostProcessorRegistrationDelegate$BeanPostProcessorChecker - Bean 'databaseConfig' of type [class kitt.core.config.DatabaseConfig$$EnhancerBySpringCGLIB$$7a2cc893] is not eligible for getting processed by all BeanPostProcessors (for example: not eligible for auto-proxying)
14:15:54.103 [main] INFO  o.s.j.d.DriverManagerDataSource - Loaded JDBC driver: net.sf.log4jdbc.DriverSpy
14:15:54.115 [main] INFO  o.s.c.s.PostProcessorRegistrationDelegate$BeanPostProcessorChecker - Bean 'dataSource' of type [class org.springframework.jdbc.datasource.DriverManagerDataSource] is not eligible for getting processed by all BeanPostProcessors (for example: not eligible for auto-proxying)
14:15:54.203 [main] INFO  o.s.c.s.PostProcessorRegistrationDelegate$BeanPostProcessorChecker - Bean 'sqlSessionFactory' of type [class org.apache.ibatis.session.defaults.DefaultSqlSessionFactory] is not eligible for getting processed by all BeanPostProcessors (for example: not eligible for auto-proxying)
14:15:54.317 [main] INFO  o.s.c.s.PostProcessorRegistrationDelegate$BeanPostProcessorChecker - Bean 'validMapper' of type [class org.mybatis.spring.mapper.MapperFactoryBean] is not eligible for getting processed by all BeanPostProcessors (for example: not eligible for auto-proxying)
14:15:54.363 [main] INFO  o.s.c.s.PostProcessorRegistrationDelegate$BeanPostProcessorChecker - Bean 'userRoleMapper' of type [class org.mybatis.spring.mapper.MapperFactoryBean] is not eligible for getting processed by all BeanPostProcessors (for example: not eligible for auto-proxying)
14:15.:54.446 [main] INFO  o.s.c.s.PostProcessorRegistrationDelegate$BeanPostProcessorChecker - Bean 'userMapper' of type [class org.mybatis.spring.mapper.MapperFactoryBean] is not eligible for getting processed by all BeanPostProcessors (for example: not eligible for auto-proxying)
14:15:54.487 [main] INFO  o.s.c.s.PostProcessorRegistrationDelegate$BeanPostProcessorChecker - Bean 'uploadFileByUserMapper' of type [class org.mybatis.spring.mapper.MapperFactoryBean] is not eligible for getting processed by all BeanPostProcessors (for example: not eligible for auto-proxying)
14:15:54.520 [main] INFO  o.s.c.s.PostProcessorRegistrationDelegate$BeanPostProcessorChecker - Bean 'uploadFileByAdminMapper' of type [class org.mybatis.spring.mapper.MapperFactoryBean] is not eligible for getting processed by all BeanPostProcessors (for example: not eligible for auto-proxying)
14:15:54.550 [main] INFO  o.s.c.s.PostProcessorRegistrationDelegate$BeanPostProcessorChecker - Bean 'timeTaskMapper' of type [class org.mybatis.spring.mapper.MapperFactoryBean] is not eligible for getting processed by all BeanPostProcessors (for example: not eligible for auto-proxying)
14:15:54.608 [main] INFO  o.s.c.s.PostProcessorRegistrationDelegate$BeanPostProcessorChecker - Bean 'roleMapper' of type [class org.mybatis.spring.mapper.MapperFactoryBean] is not eligible for getting processed by all BeanPostProcessors (for example: not eligible for auto-proxying)
14:15:54.666 [main] INFO  o.s.c.s.PostProcessorRegistrationDelegate$BeanPostProcessorChecker - Bean 'quoteMapper' of type [class org.mybatis.spring.mapper.MapperFactoryBean] is not eligible for getting processed by all BeanPostProcessors (for example: not eligible for auto-proxying)
14:15:54.695 [main] INFO  o.s.c.s.PostProcessorRegistrationDelegate$BeanPostProcessorChecker - Bean 'providerInfoMapper' of type [class org.mybatis.spring.mapper.MapperFactoryBean] is not eligible for getting processed by all BeanPostProcessors (for example: not eligible for auto-proxying)
14:15:54.721 [main] INFO  o.s.c.s.PostProcessorRegistrationDelegate$BeanPostProcessorChecker - Bean 'priceLadderMapper' of type [class org.mybatis.spring.mapper.MapperFactoryBean] is not eligible for getting processed by all BeanPostProcessors (for example: not eligible for auto-proxying)
14:15:54.746 [main] INFO  o.s.c.s.PostProcessorRegistrationDelegate$BeanPostProcessorChecker - Bean 'paymentMapper' of type [class org.mybatis.spring.mapper.MapperFactoryBean] is not eligible for getting processed by all BeanPostProcessors (for example: not eligible for auto-proxying)
14:15:54.966 [main] INFO  o.s.c.s.PostProcessorRegistrationDelegate$BeanPostProcessorChecker - Bean 'orderMapper' of type [class org.mybatis.spring.mapper.MapperFactoryBean] is not eligible for getting processed by all BeanPostProcessors (for example: not eligible for auto-proxying)
14:15:55.210 [main] INFO  o.s.c.s.PostProcessorRegistrationDelegate$BeanPostProcessorChecker - Bean 'orderManageMapper' of type [class org.mybatis.spring.mapper.MapperFactoryBean] is not eligible for getting processed by all BeanPostProcessors (for example: not eligible for auto-proxying)
14:15:55.231 [main] INFO  o.s.c.s.PostProcessorRegistrationDelegate$BeanPostProcessorChecker - Bean 'operateMapper' of type [class org.mybatis.spring.mapper.MapperFactoryBean] is not eligible for getting processed by all BeanPostProcessors (for example: not eligible for auto-proxying)
14:15:55.254 [main] INFO  o.s.c.s.PostProcessorRegistrationDelegate$BeanPostProcessorChecker - Bean 'myInterestMapper' of type [class org.mybatis.spring.mapper.MapperFactoryBean] is not eligible for getting processed by all BeanPostProcessors (for example: not eligible for auto-proxying)
14:15:55.277 [main] INFO  o.s.c.s.PostProcessorRegistrationDelegate$BeanPostProcessorChecker - Bean 'mydemandMapper' of type [class org.mybatis.spring.mapper.MapperFactoryBean] is not eligible for getting processed by all BeanPostProcessors (for example: not eligible for auto-proxying)
14:15:55.310 [main] INFO  o.s.c.s.PostProcessorRegistrationDelegate$BeanPostProcessorChecker - Bean 'myCustomerMapper' of type [class org.mybatis.spring.mapper.MapperFactoryBean] is not eligible for getting processed by all BeanPostProcessors (for example: not eligible for auto-proxying)
14:15:55.330 [main] INFO  o.s.c.s.PostProcessorRegistrationDelegate$BeanPostProcessorChecker - Bean 'menuMapper' of type [class org.mybatis.spring.mapper.MapperFactoryBean] is not eligible for getting processed by all BeanPostProcessors (for example: not eligible for auto-proxying)
14:15:55.372 [main] INFO  o.s.c.s.PostProcessorRegistrationDelegate$BeanPostProcessorChecker - Bean 'manualSellMapper' of type [class org.mybatis.spring.mapper.MapperFactoryBean] is not eligible for getting processed by all BeanPostProcessors (for example: not eligible for auto-proxying)
14:15:55.392 [main] INFO  o.s.c.s.PostProcessorRegistrationDelegate$BeanPostProcessorChecker - Bean 'groupBuySupplyMapper' of type [class org.mybatis.spring.mapper.MapperFactoryBean] is not eligible for getting processed by all BeanPostProcessors (for example: not eligible for auto-proxying)
14:15:55.425 [main] INFO  o.s.c.s.PostProcessorRegistrationDelegate$BeanPostProcessorChecker - Bean 'groupBuyQualificationMapper' of type [class org.mybatis.spring.mapper.MapperFactoryBean] is not eligible for getting processed by all BeanPostProcessors (for example: not eligible for auto-proxying)
14:15:55.452 [main] INFO  o.s.c.s.PostProcessorRegistrationDelegate$BeanPostProcessorChecker - Bean 'groupBuyOrderMapper' of type [class org.mybatis.spring.mapper.MapperFactoryBean] is not eligible for getting processed by all BeanPostProcessors (for example: not eligible for auto-proxying)
14:15:55.468 [main] INFO  o.s.c.s.PostProcessorRegistrationDelegate$BeanPostProcessorChecker - Bean 'financeMapper' of type [class org.mybatis.spring.mapper.MapperFactoryBean] is not eligible for getting processed by all BeanPostProcessors (for example: not eligible for auto-proxying)
14:15:55.483 [main] INFO  o.s.c.s.PostProcessorRegistrationDelegate$BeanPostProcessorChecker - Bean 'fileRecordMapper' of type [class org.mybatis.spring.mapper.MapperFactoryBean] is not eligible for getting processed by all BeanPostProcessors (for example: not eligible for auto-proxying)
14:15:55.497 [main] INFO  o.s.c.s.PostProcessorRegistrationDelegate$BeanPostProcessorChecker - Bean 'dictionaryMapper' of type [class org.mybatis.spring.mapper.MapperFactoryBean] is not eligible for getting processed by all BeanPostProcessors (for example: not eligible for auto-proxying)
14:15:55.531 [main] INFO  o.s.c.s.PostProcessorRegistrationDelegate$BeanPostProcessorChecker - Bean 'demandMapper' of type [class org.mybatis.spring.mapper.MapperFactoryBean] is not eligible for getting processed by all BeanPostProcessors (for example: not eligible for auto-proxying)
14:15:55.553 [main] INFO  o.s.c.s.PostProcessorRegistrationDelegate$BeanPostProcessorChecker - Bean 'dealerMapper' of type [class org.mybatis.spring.mapper.MapperFactoryBean] is not eligible for getting processed by all BeanPostProcessors (for example: not eligible for auto-proxying)
14:15:55.568 [main] INFO  o.s.c.s.PostProcessorRegistrationDelegate$BeanPostProcessorChecker - Bean 'companyMapper' of type [class org.mybatis.spring.mapper.MapperFactoryBean] is not eligible for getting processed by all BeanPostProcessors (for example: not eligible for auto-proxying)
14:15:55.583 [main] INFO  o.s.c.s.PostProcessorRegistrationDelegate$BeanPostProcessorChecker - Bean 'chartMapper' of type [class org.mybatis.spring.mapper.MapperFactoryBean] is not eligible for getting processed by all BeanPostProcessors (for example: not eligible for auto-proxying)
14:15:55.632 [main] INFO  o.s.c.s.PostProcessorRegistrationDelegate$BeanPostProcessorChecker - Bean 'buyMapper' of type [class org.mybatis.spring.mapper.MapperFactoryBean] is not eligible for getting processed by all BeanPostProcessors (for example: not eligible for auto-proxying)
14:15:55.650 [main] INFO  o.s.c.s.PostProcessorRegistrationDelegate$BeanPostProcessorChecker - Bean 'articleMapper' of type [class org.mybatis.spring.mapper.MapperFactoryBean] is not eligible for getting processed by all BeanPostProcessors (for example: not eligible for auto-proxying)
14:15:55.661 [main] INFO  o.s.c.s.PostProcessorRegistrationDelegate$BeanPostProcessorChecker - Bean 'areaportMapper' of type [class org.mybatis.spring.mapper.MapperFactoryBean] is not eligible for getting processed by all BeanPostProcessors (for example: not eligible for auto-proxying)
14:15:55.679 [main] INFO  o.s.c.s.PostProcessorRegistrationDelegate$BeanPostProcessorChecker - Bean 'adminMapper' of type [class org.mybatis.spring.mapper.MapperFactoryBean] is not eligible for getting processed by all BeanPostProcessors (for example: not eligible for auto-proxying)
14:15:55.703 [main] INFO  o.s.c.s.PostProcessorRegistrationDelegate$BeanPostProcessorChecker - Bean 'org.springframework.transaction.annotation.ProxyTransactionManagementConfiguration' of type [class org.springframework.transaction.annotation.ProxyTransactionManagementConfiguration$$EnhancerBySpringCGLIB$$f40d9ec4] is not eligible for getting processed by all BeanPostProcessors (for example: not eligible for auto-proxying)
14:15:55.732 [main] INFO  o.s.c.s.PostProcessorRegistrationDelegate$BeanPostProcessorChecker - Bean 'transactionAttributeSource' of type [class org.springframework.transaction.annotation.AnnotationTransactionAttributeSource] is not eligible for getting processed by all BeanPostProcessors (for example: not eligible for auto-proxying)
14:15:55.752 [main] INFO  o.s.c.s.PostProcessorRegistrationDelegate$BeanPostProcessorChecker - Bean 'transactionInterceptor' of type [class org.springframework.transaction.interceptor.TransactionInterceptor] is not eligible for getting processed by all BeanPostProcessors (for example: not eligible for auto-proxying)
14:15:55.762 [main] INFO  o.s.c.s.PostProcessorRegistrationDelegate$BeanPostProcessorChecker - Bean 'org.springframework.transaction.config.internalTransactionAdvisor' of type [class org.springframework.transaction.interceptor.BeanFactoryTransactionAttributeSourceAdvisor] is not eligible for getting processed by all BeanPostProcessors (for example: not eligible for auto-proxying)
14:15:56.812 [main] INFO  o.s.b.c.e.j.JettyEmbeddedServletContainerFactory - Server initialized with port: 8081
14:15:56.815 [main] INFO  org.eclipse.jetty.server.Server - jetty-8.1.15.v20140411
14:15:56.904 [main] INFO  / - Initializing Spring embedded WebApplicationContext
14:15:56.904 [main] INFO  o.s.web.context.ContextLoader - Root WebApplicationContext: initialization completed in 5237 ms
14:15:57.501 [main] INFO  o.s.b.c.e.ServletRegistrationBean - Mapping servlet: 'dispatcherServlet' to [/]
14:15:57.505 [main] INFO  o.s.b.c.e.FilterRegistrationBean - Mapping filter: 'metricFilter' to: [/*]
14:15:57.508 [main] INFO  o.s.b.c.e.FilterRegistrationBean - Mapping filter: 'hiddenHttpMethodFilter' to: [/*]
14:15:57.509 [main] INFO  o.s.b.c.e.FilterRegistrationBean - Mapping filter: 'applicationContextIdFilter' to: [/*]
14:15:57.509 [main] INFO  o.s.b.c.e.FilterRegistrationBean - Mapping filter: 'webRequestLoggingFilter' to: [/*]
14:15:57.694 [main] INFO  o.s.u.f.SpringTemplateLoader - SpringTemplateLoader for FreeMarker: using resource loader [org.springframework.boot.context.embedded.AnnotationConfigEmbeddedWebApplicationContext@60949956: startup date [Fri Mar 20 14:15:51 CST 2015]; root of context hierarchy] and template loader path [classpath:/templates/]
14:15:57.695 [main] INFO  o.s.w.s.v.f.FreeMarkerConfigurer - ClassTemplateLoader for Spring macros added to FreeMarker configuration
14:15:58.400 [main] INFO  o.s.w.s.h.SimpleUrlHandlerMapping - Mapped URL path [/**/favicon.ico] onto handler of type [class org.springframework.web.servlet.resource.ResourceHttpRequestHandler]
14:15:58.563 [main] INFO  o.s.w.s.m.m.a.RequestMappingHandlerMapping - Mapped "{[/admin/load/{id}],methods=[],params=[],headers=[],consumes=[],produces=[],custom=[]}" onto public java.lang.Object kitt.admin.controller.AdminController.load(int)
14:15:58.563 [main] INFO  o.s.w.s.m.m.a.RequestMappingHandlerMapping - Mapped "{[/admin/loadAllRoles],methods=[POST],params=[],headers=[],consumes=[],produces=[],custom=[]}" onto public java.lang.Object kitt.admin.controller.AdminController.loadAllRoles()
14:15:58.563 [main] INFO  o.s.w.s.m.m.a.RequestMappingHandlerMapping - Mapped "{[/admin/findRoleByUserId],methods=[POST],params=[],headers=[],consumes=[],produces=[],custom=[]}" onto public java.lang.Object kitt.admin.controller.AdminController.loadAllRoles(int)
14:15:58.563 [main] INFO  o.s.w.s.m.m.a.RequestMappingHandlerMapping - Mapped "{[/admin/addAdmin],methods=[POST],params=[],headers=[],consumes=[],produces=[],custom=[]}" onto public boolean kitt.admin.controller.AdminController.addAdmin(kitt.core.domain.Admin,java.lang.Integer[])
14:15:58.563 [main] INFO  o.s.w.s.m.m.a.RequestMappingHandlerMapping - Mapped "{[/admin/updateRole],methods=[],params=[],headers=[],consumes=[],produces=[],custom=[]}" onto public java.lang.Object kitt.admin.controller.AdminController.updateRole(kitt.core.domain.Role)
14:15:58.563 [main] INFO  o.s.w.s.m.m.a.RequestMappingHandlerMapping - Mapped "{[/admin/updateRole],methods=[POST],params=[],headers=[],consumes=[],produces=[],custom=[]}" onto public boolean kitt.admin.controller.AdminController.updateRole(int,java.lang.Integer[])
14:15:58.563 [main] INFO  o.s.w.s.m.m.a.RequestMappingHandlerMapping - Mapped "{[/admin/checkUsernameExist],methods=[],params=[],headers=[],consumes=[],produces=[],custom=[]}" onto public boolean kitt.admin.controller.AdminController.checkuserNameIsExist(java.lang.String)
14:15:58.563 [main] INFO  o.s.w.s.m.m.a.RequestMappingHandlerMapping - Mapped "{[/admin/checkRoleExist],methods=[],params=[],headers=[],consumes=[],produces=[],custom=[]}" onto public boolean kitt.admin.controller.AdminController.checkuserNameIsExist(kitt.core.domain.Role)
14:15:58.564 [main] INFO  o.s.w.s.m.m.a.RequestMappingHandlerMapping - Mapped "{[/admin/showRoles],methods=[],params=[],headers=[],consumes=[],produces=[],custom=[]}" onto public java.lang.Object kitt.admin.controller.AdminController.showRoles(java.lang.Integer)
14:15:58.564 [main] INFO  o.s.w.s.m.m.a.RequestMappingHandlerMapping - Mapped "{[/admin/deleteRole/{id}],methods=[],params=[],headers=[],consumes=[],produces=[],custom=[]}" onto public java.lang.Object kitt.admin.controller.AdminController.deleteRole(int)
14:15:58.564 [main] INFO  o.s.w.s.m.m.a.RequestMappingHandlerMapping - Mapped "{[/admin/getMenusAuth],methods=[],params=[],headers=[],consumes=[],produces=[],custom=[]}" onto public java.lang.Object kitt.admin.controller.AdminController.getMenusAuth(int)
14:15:58.564 [main] INFO  o.s.w.s.m.m.a.RequestMappingHandlerMapping - Mapped "{[/admin/saveRoleMenuAuth],methods=[],params=[],headers=[],consumes=[],produces=[],custom=[]}" onto public java.lang.Object kitt.admin.controller.AdminController.saveRoleMenuAuth(int,java.lang.String,java.lang.String)
14:15:58.564 [main] INFO  o.s.w.s.m.m.a.RequestMappingHandlerMapping - Mapped "{[/admin/adminList],methods=[],params=[],headers=[],consumes=[],produces=[],custom=[]}" onto public java.lang.Object kitt.admin.controller.AdminController.adminList(int)
14:15:58.564 [main] INFO  o.s.w.s.m.m.a.RequestMappingHandlerMapping - Mapped "{[/admin/changeStatus],methods=[],params=[],headers=[],consumes=[],produces=[],custom=[]}" onto public java.lang.Object kitt.admin.controller.AdminController.changeStatus(int,int)
14:15:58.564 [main] INFO  o.s.w.s.m.m.a.RequestMappingHandlerMapping - Mapped "{[/admin/initPassword],methods=[],params=[],headers=[],consumes=[],produces=[],custom=[]}" onto public java.lang.Object kitt.admin.controller.AdminController.initPassword(int)
14:15:58.565 [main] INFO  o.s.w.s.m.m.a.RequestMappingHandlerMapping - Mapped "{[/admin/getUserAuth],methods=[],params=[],headers=[],consumes=[],produces=[],custom=[]}" onto public java.lang.Object kitt.admin.controller.AdminController.getUserAuth()
14:15:58.565 [main] INFO  o.s.w.s.m.m.a.RequestMappingHandlerMapping - Mapped "{[/admin/addRole],methods=[],params=[],headers=[],consumes=[],produces=[],custom=[]}" onto public java.lang.Object kitt.admin.controller.AdminController.addRole(kitt.core.domain.Role)
14:15:58.566 [main] INFO  o.s.w.s.m.m.a.RequestMappingHandlerMapping - Mapped "{[/article/add],methods=[POST],params=[],headers=[],consumes=[],produces=[],custom=[]}" onto public java.lang.Object kitt.admin.controller.ArticleController.addArticle(kitt.core.domain.Article)
14:15:58.566 [main] INFO  o.s.w.s.m.m.a.RequestMappingHandlerMapping - Mapped "{[/article/queryById],methods=[],params=[],headers=[],consumes=[],produces=[],custom=[]}" onto public java.lang.Object kitt.admin.controller.ArticleController.queryArticle(int)
14:15:58.566 [main] INFO  o.s.w.s.m.m.a.RequestMappingHandlerMapping - Mapped "{[/article/delete],methods=[],params=[],headers=[],consumes=[],produces=[],custom=[]}" onto public java.lang.Object kitt.admin.controller.ArticleController.deleteArticle(int[])
14:15:58.566 [main] INFO  o.s.w.s.m.m.a.RequestMappingHandlerMapping - Mapped "{[/article/list],methods=[POST],params=[],headers=[],consumes=[],produces=[],custom=[]}" onto public java.lang.Object kitt.admin.controller.ArticleController.articleList(java.lang.String,int,int)
14:15:58.567 [main] INFO  o.s.w.s.m.m.a.RequestMappingHandlerMapping - Mapped "{[/article/changeSequence],methods=[],params=[],headers=[],consumes=[],produces=[],custom=[]}" onto public java.lang.Object kitt.admin.controller.ArticleController.doChangeSquence(int,int)
14:15:58.567 [main] INFO  o.s.w.s.m.m.a.RequestMappingHandlerMapping - Mapped "{[/login],methods=[],params=[],headers=[],consumes=[],produces=[],custom=[]}" onto public java.lang.String kitt.admin.controller.AuthController.index(java.util.Map<java.lang.String, java.lang.Object>)
14:15:58.567 [main] INFO  o.s.w.s.m.m.a.RequestMappingHandlerMapping - Mapped "{[/login],methods=[POST],params=[],headers=[],consumes=[],produces=[],custom=[]}" onto public java.lang.Object kitt.admin.controller.AuthController.doLogin(kitt.admin.controller.AuthController$LoginForm,org.springframework.validation.BindingResult)
14:15:58.568 [main] INFO  o.s.w.s.m.m.a.RequestMappingHandlerMapping - Mapped "{[/logout],methods=[],params=[],headers=[],consumes=[],produces=[],custom=[]}" onto public java.lang.String kitt.admin.controller.AuthController.logout()
14:15:58.569 [main] INFO  o.s.w.s.m.m.a.RequestMappingHandlerMapping - Mapped "{[/chart/BSPIList],methods=[],params=[],headers=[],consumes=[],produces=[],custom=[]}" onto public java.lang.Object kitt.admin.controller.ChartController.BSPIList(int)
14:15:58.569 [main] INFO  o.s.w.s.m.m.a.RequestMappingHandlerMapping - Mapped "{[/chart/API8List],methods=[],params=[],headers=[],consumes=[],produces=[],custom=[]}" onto public java.lang.Object kitt.admin.controller.ChartController.API8Lists(int)
14:15:58.569 [main] INFO  o.s.w.s.m.m.a.RequestMappingHandlerMapping - Mapped "{[/chart/TC1505List],methods=[],params=[],headers=[],consumes=[],produces=[],custom=[]}" onto public java.lang.Object kitt.admin.controller.ChartController.TC1505List(int)
14:15:58.569 [main] INFO  o.s.w.s.m.m.a.RequestMappingHandlerMapping - Mapped "{[/chart/saveChart],methods=[POST],params=[],headers=[],consumes=[],produces=[],custom=[]}" onto public java.lang.Object kitt.admin.controller.ChartController.saveChart(kitt.core.domain.Chart)
14:15:58.569 [main] INFO  o.s.w.s.m.m.a.RequestMappingHandlerMapping - Mapped "{[/chart/deleteOne],methods=[],params=[],headers=[],consumes=[],produces=[],custom=[]}" onto public java.lang.Object kitt.admin.controller.ChartController.deleteOne(java.lang.Integer)
14:15:58.570 [main] INFO  o.s.w.s.m.m.a.RequestMappingHandlerMapping - Mapped "{[/chart/batchAdd],methods=[],params=[],headers=[],consumes=[],produces=[],custom=[]}" onto public java.lang.Object kitt.admin.controller.ChartController.batchAdd(kitt.admin.controller.ChartController$ChartBatch)
14:15:58.570 [main] INFO  o.s.w.s.m.m.a.RequestMappingHandlerMapping - Mapped "{[/chart/getChartConfine],methods=[],params=[],headers=[],consumes=[],produces=[],custom=[]}" onto public java.lang.Object kitt.admin.controller.ChartController.getChartConfine(java.lang.String)
14:15:58.570 [main] INFO  o.s.w.s.m.m.a.RequestMappingHandlerMapping - Mapped "{[/chart/modifyChartConfine],methods=[],params=[],headers=[],consumes=[],produces=[],custom=[]}" onto public java.lang.Object kitt.admin.controller.ChartController.modifyChartConfine(kitt.core.domain.ChartConfine)
14:15:58.572 [main] INFO  o.s.w.s.m.m.a.RequestMappingHandlerMapping - Mapped "{[/customer/list],methods=[],params=[],headers=[],consumes=[],produces=[],custom=[]}" onto public java.lang.Object kitt.admin.controller.CustomerController.listCustomer(java.lang.Integer)
14:15:58.573 [main] INFO  o.s.w.s.m.m.a.RequestMappingHandlerMapping - Mapped "{[/customer/showCustomerDetail],methods=[],params=[],headers=[],consumes=[],produces=[],custom=[]}" onto public kitt.core.domain.Customer kitt.admin.controller.CustomerController.showCustomerDetail(java.lang.Integer)
14:15:58.573 [main] INFO  o.s.w.s.m.m.a.RequestMappingHandlerMapping - Mapped "{[/customer/searchCustomer],methods=[],params=[],headers=[],consumes=[],produces=[],custom=[]}" onto public java.lang.Object kitt.admin.controller.CustomerController.showCustomerList(java.lang.String)
14:15:58.573 [main] INFO  o.s.w.s.m.m.a.RequestMappingHandlerMapping - Mapped "{[/customer/orderlist],methods=[],params=[],headers=[],consumes=[],produces=[],custom=[]}" onto public java.lang.Object kitt.admin.controller.CustomerController.showCustomerOrders(kitt.core.domain.EnumOrder,kitt.core.domain.EnumOrder,java.lang.Integer)
14:15:58.573 [main] INFO  o.s.w.s.m.m.a.RequestMappingHandlerMapping - Mapped "{[/customer/demandlist],methods=[],params=[],headers=[],consumes=[],produces=[],custom=[]}" onto public java.lang.Object kitt.admin.controller.CustomerController.showCustomerDemands(kitt.core.domain.Demand,java.lang.Integer)
14:15:58.573 [main] INFO  o.s.w.s.m.m.a.RequestMappingHandlerMapping - Mapped "{[/customer/supplylist],methods=[],params=[],headers=[],consumes=[],produces=[],custom=[]}" onto public java.lang.Object kitt.admin.controller.CustomerController.showCustomerSupply(java.lang.Integer)
14:15:58.573 [main] INFO  o.s.w.s.m.m.a.RequestMappingHandlerMapping - Mapped "{[/customer/quotelist],methods=[],params=[],headers=[],consumes=[],produces=[],custom=[]}" onto public java.lang.Object kitt.admin.controller.CustomerController.showCustomerQuote(java.lang.String,java.lang.Integer)
14:15:58.573 [main] INFO  o.s.w.s.m.m.a.RequestMappingHandlerMapping - Mapped "{[/customer/manualsell],methods=[],params=[],headers=[],consumes=[],produces=[],custom=[]}" onto public java.lang.Object kitt.admin.controller.CustomerController.showCustomerManualLookup(kitt.core.domain.ManualSell,java.lang.Integer)
14:15:58.573 [main] INFO  o.s.w.s.m.m.a.RequestMappingHandlerMapping - Mapped "{[/customer/quoteresult],methods=[],params=[],headers=[],consumes=[],produces=[],custom=[]}" onto public java.lang.Object kitt.admin.controller.CustomerController.showQuoteByDemandCode(java.lang.String,java.lang.Integer)
14:15:58.574 [main] INFO  o.s.w.s.m.m.a.RequestMappingHandlerMapping - Mapped "{[/customer/inbidquote],methods=[],params=[],headers=[],consumes=[],produces=[],custom=[]}" onto public java.lang.Object kitt.admin.controller.CustomerController.showBidQuoteByDemandCode(java.lang.String,java.lang.Integer)
14:15:58.574 [main] INFO  o.s.w.s.m.m.a.RequestMappingHandlerMapping - Mapped "{[/customer/manualselldetail/{id}],methods=[],params=[],headers=[],consumes=[],produces=[],custom=[]}" onto public java.lang.Object kitt.admin.controller.CustomerController.showManualsellDetail(java.lang.String)
14:15:58.574 [main] INFO  o.s.w.s.m.m.a.RequestMappingHandlerMapping - Mapped "{[/customer/bringdealsellinfo],methods=[],params=[],headers=[],consumes=[],produces=[],custom=[]}" onto public java.lang.Object kitt.admin.controller.CustomerController.bringDealSellInfo(kitt.core.domain.SellInfo,java.lang.Integer)
14:15:58.574 [main] INFO  o.s.w.s.m.m.a.RequestMappingHandlerMapping - Mapped "{[/customer/bringdealdemandinfo],methods=[],params=[],headers=[],consumes=[],produces=[],custom=[]}" onto public java.lang.Object kitt.admin.controller.CustomerController.bringDealDemandInfo(kitt.core.domain.Demand,java.lang.Integer)
14:15:58.574 [main] INFO  o.s.w.s.m.m.a.RequestMappingHandlerMapping - Mapped "{[/customer/teamorderQualification],methods=[],params=[],headers=[],consumes=[],produces=[],custom=[]}" onto public java.lang.Object kitt.admin.controller.CustomerController.lookteamOrderQualification(kitt.core.domain.GroupBuyQualification,java.lang.Integer)
14:15:58.574 [main] INFO  o.s.w.s.m.m.a.RequestMappingHandlerMapping - Mapped "{[/customer/teamorder],methods=[],params=[],headers=[],consumes=[],produces=[],custom=[]}" onto public java.lang.Object kitt.admin.controller.CustomerController.lookteamOrder(kitt.core.domain.GroupBuyOrder,java.lang.Integer)
14:15:58.574 [main] INFO  o.s.w.s.m.m.a.RequestMappingHandlerMapping - Mapped "{[/customer/teamorderDetail],methods=[],params=[],headers=[],consumes=[],produces=[],custom=[]}" onto public java.lang.Object kitt.admin.controller.CustomerController.lookteamOrderDetail(java.lang.String)
14:15:58.575 [main] INFO  o.s.w.s.m.m.a.RequestMappingHandlerMapping - Mapped "{[/customer/depositContract],methods=[],params=[],headers=[],consumes=[],produces=[],custom=[]}" onto public java.lang.String kitt.admin.controller.CustomerController.lookDepositContract(javax.servlet.http.HttpServletRequest,kitt.core.domain.GroupBuyQualification,org.springframework.ui.Model) throws java.io.IOException,freemarker.template.TemplateException
14:15:58.575 [main] INFO  o.s.w.s.m.m.a.RequestMappingHandlerMapping - Mapped "{[/customer/lookagreementContract],methods=[],params=[],headers=[],consumes=[],produces=[],custom=[]}" onto public java.lang.String kitt.admin.controller.CustomerController.lookagreementContract(javax.servlet.http.HttpServletRequest,kitt.core.domain.GroupBuyOrder,org.springframework.ui.Model) throws java.io.IOException,freemarker.template.TemplateException
14:15:58.575 [main] INFO  o.s.w.s.m.m.a.RequestMappingHandlerMapping - Mapped "{[/customer/download/constract],methods=[],params=[],headers=[],consumes=[],produces=[],custom=[]}" onto public org.springframework.http.HttpEntity<byte[]> kitt.admin.controller.CustomerController.downloadContract() throws java.io.IOException,com.itextpdf.text.DocumentException
14:15:58.576 [main] INFO  o.s.w.s.m.m.a.RequestMappingHandlerMapping - Mapped "{[/dealer/list],methods=[],params=[],headers=[],consumes=[],produces=[],custom=[]}" onto public java.lang.Object kitt.admin.controller.DealerController.showDealerlist(int,int,int,int)
14:15:58.576 [main] INFO  o.s.w.s.m.m.a.RequestMappingHandlerMapping - Mapped "{[/dealer/changeStatus],methods=[],params=[],headers=[],consumes=[],produces=[],custom=[]}" onto public java.lang.Object kitt.admin.controller.DealerController.doChangeDealer(int,java.lang.String)
14:15:58.576 [main] INFO  o.s.w.s.m.m.a.RequestMappingHandlerMapping - Mapped "{[/dealer/addDealer],methods=[],params=[],headers=[],consumes=[],produces=[],custom=[]}" onto public java.lang.Object kitt.admin.controller.DealerController.doAddDealer(java.lang.String,java.lang.String,int,int,int) throws java.lang.Exception
14:15:58.576 [main] INFO  o.s.w.s.m.m.a.RequestMappingHandlerMapping - Mapped "{[/dealer/getPhone],methods=[],params=[],headers=[],consumes=[],produces=[],custom=[]}" onto public java.lang.Object kitt.admin.controller.DealerController.doGetPhone(java.lang.String)
14:15:58.577 [main] INFO  o.s.w.s.m.m.a.RequestMappingHandlerMapping - Mapped "{[/dealer/getName],methods=[],params=[],headers=[],consumes=[],produces=[],custom=[]}" onto public java.lang.Object kitt.admin.controller.DealerController.doGetName(java.lang.String)
14:15:58.578 [main] INFO  o.s.w.s.m.m.a.RequestMappingHandlerMapping - Mapped "{[/demand/wait],methods=[],params=[],headers=[],consumes=[],produces=[],custom=[]}" onto public java.lang.Object kitt.admin.controller.DemandController.waitList(int)
14:15:58.578 [main] INFO  o.s.w.s.m.m.a.RequestMappingHandlerMapping - Mapped "{[/demand/pass],methods=[],params=[],headers=[],consumes=[],produces=[],custom=[]}" onto public java.lang.Object kitt.admin.controller.DemandController.passList(int)
14:15:58.578 [main] INFO  o.s.w.s.m.m.a.RequestMappingHandlerMapping - Mapped "{[/demand/fail],methods=[],params=[],headers=[],consumes=[],produces=[],custom=[]}" onto public java.lang.Object kitt.admin.controller.DemandController.failList(int)
14:15:58.578 [main] INFO  o.s.w.s.m.m.a.RequestMappingHandlerMapping - Mapped "{[/demand/view],methods=[],params=[],headers=[],consumes=[],produces=[],custom=[]}" onto public kitt.core.domain.Demand kitt.admin.controller.DemandController.demandView(java.lang.String)
14:15:58.579 [main] INFO  o.s.w.s.m.m.a.RequestMappingHandlerMapping - Mapped "{[/demand/modifyCheckstatusAndComment],methods=[],params=[],headers=[],consumes=[],produces=[],custom=[]}" onto public java.lang.Object kitt.admin.controller.DemandController.modifyCheckstatusAndComment(java.lang.String,java.lang.String,java.lang.String)
14:15:58.579 [main] INFO  o.s.w.s.m.m.a.RequestMappingHandlerMapping - Mapped "{[/demand/cancelDemand],methods=[],params=[],headers=[],consumes=[],produces=[],custom=[]}" onto public java.lang.Object kitt.admin.controller.DemandController.cancelDemand(java.lang.String)
14:15:58.579 [main] INFO  o.s.w.s.m.m.a.RequestMappingHandlerMapping - Mapped "{[/401],methods=[],params=[],headers=[],consumes=[],produces=[],custom=[]}" onto public java.lang.String kitt.admin.controller.ExceptionHandlerController.h404(kitt.admin.basic.exception.UnauthorizedException)
14:15:58.580 [main] INFO  o.s.w.s.m.m.a.RequestMappingHandlerMapping - Mapped "{[/finance/list],methods=[POST],params=[],headers=[],consumes=[],produces=[],custom=[]}" onto public java.lang.Object kitt.admin.controller.FinanceController.list(int)
14:15:58.580 [main] INFO  o.s.w.s.m.m.a.RequestMappingHandlerMapping - Mapped "{[/finance/exportExcel],methods=[],params=[],headers=[],consumes=[],produces=[],custom=[]}" onto public void kitt.admin.controller.FinanceController.exportExcel(java.lang.String,javax.servlet.http.HttpServletResponse) throws java.lang.Exception
14:15:58.581 [main] INFO  o.s.w.s.m.m.a.RequestMappingHandlerMapping - Mapped "{[/groupBuy/supplierslist],methods=[],params=[],headers=[],consumes=[],produces=[],custom=[]}" onto public java.lang.Object kitt.admin.controller.GroupBuyController.getProviderInfoList(int)
14:15:58.582 [main] INFO  o.s.w.s.m.m.a.RequestMappingHandlerMapping - Mapped "{[/groupBuy/addProviderInfo],methods=[],params=[],headers=[],consumes=[],produces=[],custom=[]}" onto public java.lang.Object kitt.admin.controller.GroupBuyController.addProviderInfo(kitt.core.domain.ProviderInfo)
14:15:58.582 [main] INFO  o.s.w.s.m.m.a.RequestMappingHandlerMapping - Mapped "{[/groupBuy/deleteProviderInfo],methods=[],params=[],headers=[],consumes=[],produces=[],custom=[]}" onto public java.lang.Object kitt.admin.controller.GroupBuyController.deleteProviderInfo(int)
14:15:58.582 [main] INFO  o.s.w.s.m.m.a.RequestMappingHandlerMapping - Mapped "{[/groupBuy/getGroupBuyInProcess],methods=[],params=[],headers=[],consumes=[],produces=[],custom=[]}" onto public java.lang.Object kitt.admin.controller.GroupBuyController.getGroupBuyInProcess(int,int)
14:15:58.582 [main] INFO  o.s.w.s.m.m.a.RequestMappingHandlerMapping - Mapped "{[/groupBuy/getGroupBuyFinish],methods=[],params=[],headers=[],consumes=[],produces=[],custom=[]}" onto public java.lang.Object kitt.admin.controller.GroupBuyController.getGroupBuyFinish(int,int)
14:15:58.582 [main] INFO  o.s.w.s.m.m.a.RequestMappingHandlerMapping - Mapped "{[/groupBuy/cancelGroupBuySupply],methods=[],params=[],headers=[],consumes=[],produces=[],custom=[]}" onto public java.lang.Object kitt.admin.controller.GroupBuyController.cancelGroupBuySupply(int)
14:15:58.582 [main] INFO  o.s.w.s.m.m.a.RequestMappingHandlerMapping - Mapped "{[/groupBuy/getGroupBuySupplyDetail],methods=[],params=[],headers=[],consumes=[],produces=[],custom=[]}" onto public java.lang.Object kitt.admin.controller.GroupBuyController.getGroupBuySupplyDetail(int,int)
14:15:58.582 [main] INFO  o.s.w.s.m.m.a.RequestMappingHandlerMapping - Mapped "{[/groupBuy/removeGroupBuyQualify],methods=[],params=[],headers=[],consumes=[],produces=[],custom=[]}" onto public java.lang.Object kitt.admin.controller.GroupBuyController.removeGroupBuyQualify(java.lang.String,int)
14:15:58.583 [main] INFO  o.s.w.s.m.m.a.RequestMappingHandlerMapping - Mapped "{[/groupBuy/releaseGroupBuySupply],methods=[],params=[],headers=[],consumes=[],produces=[],custom=[]}" onto public java.lang.Object kitt.admin.controller.GroupBuyController.releaseGroupBuySupply(kitt.core.domain.GroupBuySupply)
14:15:58.583 [main] INFO  o.s.w.s.m.m.a.RequestMappingHandlerMapping - Mapped "{[/groupBuy/getGroupBuyForCheck],methods=[],params=[],headers=[],consumes=[],produces=[],custom=[]}" onto public java.lang.Object kitt.admin.controller.GroupBuyController.getGroupBuyForCheck(java.lang.String)
14:15:58.583 [main] INFO  o.s.w.s.m.m.a.RequestMappingHandlerMapping - Mapped "{[/groupBuy/resetQualifyStatus],methods=[],params=[],headers=[],consumes=[],produces=[],custom=[]}" onto public java.lang.Object kitt.admin.controller.GroupBuyController.resetQualifyStatus(java.lang.String,java.lang.String,java.lang.String)
14:15:58.583 [main] INFO  o.s.w.s.m.m.a.RequestMappingHandlerMapping - Mapped "{[/groupBuy/getGroupBuyQualifyList],methods=[],params=[],headers=[],consumes=[],produces=[],custom=[]}" onto public java.lang.Object kitt.admin.controller.GroupBuyController.getGroupBuyQualifyList(java.lang.String,int)
14:15:58.583 [main] INFO  o.s.w.s.m.m.a.RequestMappingHandlerMapping - Mapped "{[/groupBuy/getGroupBuyQualifyDetail],methods=[],params=[],headers=[],consumes=[],produces=[],custom=[]}" onto public java.lang.Object kitt.admin.controller.GroupBuyController.getGroupBuyQualifyDetail(java.lang.String)
14:15:58.583 [main] INFO  o.s.w.s.m.m.a.RequestMappingHandlerMapping - Mapped "{[/groupBuy/confirmGroupBuyQualifyDetail],methods=[],params=[],headers=[],consumes=[],produces=[],custom=[]}" onto public java.lang.Object kitt.admin.controller.GroupBuyController.confirmGroupBuyQualifyDetail(java.lang.String,java.lang.String,java.math.BigDecimal)
14:15:58.583 [main] INFO  o.s.w.s.m.m.a.RequestMappingHandlerMapping - Mapped "{[/groupBuy/getGiveupQualifyList],methods=[],params=[],headers=[],consumes=[],produces=[],custom=[]}" onto public java.lang.Object kitt.admin.controller.GroupBuyController.getGiveupQualifyList(int,int)
14:15:58.584 [main] INFO  o.s.w.s.m.m.a.RequestMappingHandlerMapping - Mapped "{[/groupBuy/confirmGiveupQualify],methods=[],params=[],headers=[],consumes=[],produces=[],custom=[]}" onto public java.lang.Object kitt.admin.controller.GroupBuyController.confirmGiveupQualify(java.lang.String)
14:15:58.584 [main] INFO  o.s.w.s.m.m.a.RequestMappingHandlerMapping - Mapped "{[/groupBuy/saveGroupBuyPic],methods=[],params=[],headers=[],consumes=[],produces=[],custom=[]}" onto public java.lang.Object kitt.admin.controller.GroupBuyController.saveGroupBuyPic(org.springframework.web.multipart.MultipartFile) throws java.lang.Exception
14:15:58.585 [main] INFO  o.s.w.s.m.m.a.RequestMappingHandlerMapping - Mapped "{[/],methods=[],params=[],headers=[],consumes=[],produces=[],custom=[]}" onto public java.lang.String kitt.admin.controller.IndexController.index(java.util.Map<java.lang.String, java.lang.Object>)
14:15:58.586 [main] INFO  o.s.w.s.m.m.a.RequestMappingHandlerMapping - Mapped "{[/mall/sales],methods=[],params=[],headers=[],consumes=[],produces=[],custom=[]}" onto public java.lang.Object kitt.admin.controller.MallProductController.getSellSellInfoList(int,int,int,int)
14:15:58.587 [main] INFO  o.s.w.s.m.m.a.RequestMappingHandlerMapping - Mapped "{[/mall/pulls],methods=[],params=[],headers=[],consumes=[],produces=[],custom=[]}" onto public java.lang.Object kitt.admin.controller.MallProductController.getOffSellinfoList(int,int,int,int)
14:15:58.587 [main] INFO  o.s.w.s.m.m.a.RequestMappingHandlerMapping - Mapped "{[/supplyInfo],methods=[],params=[],headers=[],consumes=[],produces=[],custom=[]}" onto public java.lang.Object kitt.admin.controller.MallProductController.getSupplyInfo()
14:15:58.587 [main] INFO  o.s.w.s.m.m.a.RequestMappingHandlerMapping - Mapped "{[/addSellinfo],methods=[],params=[],headers=[],consumes=[],produces=[],custom=[]}" onto public java.lang.Object kitt.admin.controller.MallProductController.doAddSellinfo(int,java.lang.String,int,java.math.BigDecimal,java.math.BigDecimal,java.math.BigDecimal,java.math.BigDecimal,java.math.BigDecimal,java.math.BigDecimal,java.math.BigDecimal,int,int,int,int,int,int,int,int,int,int,int,int,int,int,int,int,int,java.lang.String,java.lang.String,java.lang.String,java.lang.String,java.lang.String,int,java.lang.String,java.lang.String,java.lang.String,java.lang.String)
14:15:58.587 [main] INFO  o.s.w.s.m.m.a.RequestMappingHandlerMapping - Mapped "{[/mall/getProvinces],methods=[],params=[],headers=[],consumes=[],produces=[],custom=[]}" onto public java.util.List<kitt.core.domain.Areaport> kitt.admin.controller.MallProductController.getMallProvinces(java.lang.Integer)
14:15:58.587 [main] INFO  o.s.w.s.m.m.a.RequestMappingHandlerMapping - Mapped "{[/mall/getPorts],methods=[],params=[],headers=[],consumes=[],produces=[],custom=[]}" onto public java.util.List<kitt.core.domain.Areaport> kitt.admin.controller.MallProductController.getMallPorts(java.lang.Integer)
14:15:58.588 [main] INFO  o.s.w.s.m.m.a.RequestMappingHandlerMapping - Mapped "{[/getProviences],methods=[],params=[],headers=[],consumes=[],produces=[],custom=[]}" onto public java.util.List<kitt.core.domain.Areaport> kitt.admin.controller.MallProductController.getBuyProviences(java.lang.String)
14:15:58.588 [main] INFO  o.s.w.s.m.m.a.RequestMappingHandlerMapping - Mapped "{[/getBuyPorts],methods=[],params=[],headers=[],consumes=[],produces=[],custom=[]}" onto public java.lang.Object kitt.admin.controller.MallProductController.getBuyPorts(java.lang.String)
14:15:58.588 [main] INFO  o.s.w.s.m.m.a.RequestMappingHandlerMapping - Mapped "{[/mall/putOffShelves],methods=[],params=[],headers=[],consumes=[],produces=[],custom=[]}" onto public java.lang.Object kitt.admin.controller.MallProductController.doPutOffShelves(int)
14:15:58.588 [main] INFO  o.s.w.s.m.m.a.RequestMappingHandlerMapping - Mapped "{[/mall/changeRecommend],methods=[],params=[],headers=[],consumes=[],produces=[],custom=[]}" onto public java.lang.Object kitt.admin.controller.MallProductController.doRecommendProduct(int,java.lang.String)
14:15:58.589 [main] INFO  o.s.w.s.m.m.a.RequestMappingHandlerMapping - Mapped "{[/menu/list],methods=[],params=[],headers=[],consumes=[],produces=[],custom=[]}" onto public java.lang.Object kitt.admin.controller.MenuController.getMenuList()
14:15:58.589 [main] INFO  o.s.w.s.m.m.a.RequestMappingHandlerMapping - Mapped "{[/menu/getParentMenus],methods=[],params=[],headers=[],consumes=[],produces=[],custom=[]}" onto public java.lang.Object kitt.admin.controller.MenuController.doGetParentMenus(int)
14:15:58.589 [main] INFO  o.s.w.s.m.m.a.RequestMappingHandlerMapping - Mapped "{[/menu/addUpdate],methods=[],params=[],headers=[],consumes=[],produces=[],custom=[]}" onto public java.lang.Object kitt.admin.controller.MenuController.doAddUpdateMenu(kitt.core.domain.Menu)
14:15:58.589 [main] INFO  o.s.w.s.m.m.a.RequestMappingHandlerMapping - Mapped "{[/menu/getMenuById],methods=[],params=[],headers=[],consumes=[],produces=[],custom=[]}" onto public java.lang.Object kitt.admin.controller.MenuController.doGetMenuById(int)
14:15:58.589 [main] INFO  o.s.w.s.m.m.a.RequestMappingHandlerMapping - Mapped "{[/menu/deleteMenu],methods=[],params=[],headers=[],consumes=[],produces=[],custom=[]}" onto public java.lang.Object kitt.admin.controller.MenuController.doDeleteMenus(int)
14:15:58.590 [main] INFO  o.s.w.s.m.m.a.RequestMappingHandlerMapping - Mapped "{[/menu/changeSequence],methods=[],params=[],headers=[],consumes=[],produces=[],custom=[]}" onto public java.lang.Object kitt.admin.controller.MenuController.doChangeSequence(int,int)
14:15:58.590 [main] INFO  o.s.w.s.m.m.a.RequestMappingHandlerMapping - Mapped "{[/center/view],methods=[],params=[],headers=[],consumes=[],produces=[],custom=[]}" onto public java.lang.Object kitt.admin.controller.MyCenterController.showMyInfo()
14:15:58.590 [main] INFO  o.s.w.s.m.m.a.RequestMappingHandlerMapping - Mapped "{[/center/editphone],methods=[],params=[],headers=[],consumes=[],produces=[],custom=[]}" onto public java.lang.Object kitt.admin.controller.MyCenterController.doEditPhone(java.lang.String)
14:15:58.590 [main] INFO  o.s.w.s.m.m.a.RequestMappingHandlerMapping - Mapped "{[/center/resetpassword],methods=[],params=[],headers=[],consumes=[],produces=[],custom=[]}" onto public java.lang.Object kitt.admin.controller.MyCenterController.doResetPassword(java.lang.String,java.lang.String,java.lang.String)
14:15:58.591 [main] INFO  o.s.w.s.m.m.a.RequestMappingHandlerMapping - Mapped "{[/operateauth/list],methods=[],params=[],headers=[],consumes=[],produces=[],custom=[]}" onto public java.lang.Object kitt.admin.controller.OperateAuthController.list(int)
14:15:58.591 [main] INFO  o.s.w.s.m.m.a.RequestMappingHandlerMapping - Mapped "{[/operateauth/deleteOperateauth],methods=[],params=[],headers=[],consumes=[],produces=[],custom=[]}" onto public java.lang.Object kitt.admin.controller.OperateAuthController.deleteOperateauth(int)
14:15:58.591 [main] INFO  o.s.w.s.m.m.a.RequestMappingHandlerMapping - Mapped "{[/operateauth/checkOperatecode],methods=[],params=[],headers=[],consumes=[],produces=[],custom=[]}" onto public java.lang.Object kitt.admin.controller.OperateAuthController.checkOperatecode(java.lang.String)
14:15:58.591 [main] INFO  o.s.w.s.m.m.a.RequestMappingHandlerMapping - Mapped "{[/operateauth/saveOperateauth],methods=[],params=[],headers=[],consumes=[],produces=[],custom=[]}" onto public java.lang.Object kitt.admin.controller.OperateAuthController.saveOperateauth(int,java.lang.String,java.lang.String)
14:15:58.592 [main] INFO  o.s.w.s.m.m.a.RequestMappingHandlerMapping - Mapped "{[/operateauth/getParentMenus],methods=[],params=[],headers=[],consumes=[],produces=[],custom=[]}" onto public java.lang.Object kitt.admin.controller.OperateAuthController.getParentMenus()
14:15:58.592 [main] INFO  o.s.w.s.m.m.a.RequestMappingHandlerMapping - Mapped "{[/operateauth/getChildMenus],methods=[],params=[],headers=[],consumes=[],produces=[],custom=[]}" onto public java.lang.Object kitt.admin.controller.OperateAuthController.getChildMenus(int)
14:15:58.594 [main] INFO  o.s.w.s.m.m.a.RequestMappingHandlerMapping - Mapped "{[/mall/underway],methods=[],params=[],headers=[],consumes=[],produces=[],custom=[]}" onto public java.lang.Object kitt.admin.controller.OrderManageController.getAllMallUnderWayOrders(int,int,int,int)
14:15:58.594 [main] INFO  o.s.w.s.m.m.a.RequestMappingHandlerMapping - Mapped "{[/mall/returning],methods=[],params=[],headers=[],consumes=[],produces=[],custom=[]}" onto public java.lang.Object kitt.admin.controller.OrderManageController.getAllMallReturnOrders(int,int,int,int)
14:15:58.594 [main] INFO  o.s.w.s.m.m.a.RequestMappingHandlerMapping - Mapped "{[/mall/finished],methods=[],params=[],headers=[],consumes=[],produces=[],custom=[]}" onto public java.lang.Object kitt.admin.controller.OrderManageController.getAllMallCompleteOrders(int,int,int,int)
14:15:58.594 [main] INFO  o.s.w.s.m.m.a.RequestMappingHandlerMapping - Mapped "{[/mall/canceled],methods=[],params=[],headers=[],consumes=[],produces=[],custom=[]}" onto public java.lang.Object kitt.admin.controller.OrderManageController.getAllMallCancelOrders(int,int,int,int)
14:15:58.594 [main] INFO  o.s.w.s.m.m.a.RequestMappingHandlerMapping - Mapped "{[/mall/recheck],methods=[],params=[],headers=[],consumes=[],produces=[],custom=[]}" onto public java.lang.Object kitt.admin.controller.OrderManageController.getAllMallRecheckOrders(int,int,int,int)
14:15:58.595 [main] INFO  o.s.w.s.m.m.a.RequestMappingHandlerMapping - Mapped "{[/order/underway],methods=[],params=[],headers=[],consumes=[],produces=[],custom=[]}" onto public java.lang.Object kitt.admin.controller.OrderManageController.getAllUnderWayOrders(int,int,int,int)
14:15:58.595 [main] INFO  o.s.w.s.m.m.a.RequestMappingHandlerMapping - Mapped "{[/order/finished],methods=[],params=[],headers=[],consumes=[],produces=[],custom=[]}" onto public java.lang.Object kitt.admin.controller.OrderManageController.getAllReturningOrders(int,int,int,int)
14:15:58.595 [main] INFO  o.s.w.s.m.m.a.RequestMappingHandlerMapping - Mapped "{[/order/canceled],methods=[],params=[],headers=[],consumes=[],produces=[],custom=[]}" onto public java.lang.Object kitt.admin.controller.OrderManageController.getAllCanceledOrders(int,int,int,int)
14:15:58.595 [main] INFO  o.s.w.s.m.m.a.RequestMappingHandlerMapping - Mapped "{[/order/recheck],methods=[],params=[],headers=[],consumes=[],produces=[],custom=[]}" onto public java.lang.Object kitt.admin.controller.OrderManageController.getAllMatchRecheckOrders(int,int,int,int)
14:15:58.595 [main] INFO  o.s.w.s.m.m.a.RequestMappingHandlerMapping - Mapped "{[/order/detail],methods=[],params=[],headers=[],consumes=[],produces=[],custom=[]}" onto public java.lang.Object kitt.admin.controller.OrderManageController.showDetail(int)
14:15:58.595 [main] INFO  o.s.w.s.m.m.a.RequestMappingHandlerMapping - Mapped "{[/mall/applyComplete],methods=[],params=[],headers=[],consumes=[],produces=[],custom=[]}" onto public java.lang.Object kitt.admin.controller.OrderManageController.doApplyCompleteMallOrder(int)
14:15:58.595 [main] INFO  o.s.w.s.m.m.a.RequestMappingHandlerMapping - Mapped "{[/order/applyComplete],methods=[],params=[],headers=[],consumes=[],produces=[],custom=[]}" onto public java.lang.Object kitt.admin.controller.OrderManageController.doApplyCompleteMatchOrder(int,int)
14:15:58.595 [main] INFO  o.s.w.s.m.m.a.RequestMappingHandlerMapping - Mapped "{[/mall/applyReturn],methods=[],params=[],headers=[],consumes=[],produces=[],custom=[]}" onto public java.lang.Object kitt.admin.controller.OrderManageController.doApplyReturnOrder(int)
14:15:58.595 [main] INFO  o.s.w.s.m.m.a.RequestMappingHandlerMapping - Mapped "{[/order/applyCancel],methods=[],params=[],headers=[],consumes=[],produces=[],custom=[]}" onto public java.lang.Object kitt.admin.controller.OrderManageController.doApplyCancelOrder(int)
14:15:58.595 [main] INFO  o.s.w.s.m.m.a.RequestMappingHandlerMapping - Mapped "{[/mall/confirmReturn],methods=[],params=[],headers=[],consumes=[],produces=[],custom=[]}" onto public java.lang.Object kitt.admin.controller.OrderManageController.doConfirmReturnOrder(int)
14:15:58.595 [main] INFO  o.s.w.s.m.m.a.RequestMappingHandlerMapping - Mapped "{[/mall/confirmComplete],methods=[],params=[],headers=[],consumes=[],produces=[],custom=[]}" onto public java.lang.Object kitt.admin.controller.OrderManageController.doConfirmCompleteOrder(int)
14:15:58.595 [main] INFO  o.s.w.s.m.m.a.RequestMappingHandlerMapping - Mapped "{[/order/confirmCancel],methods=[],params=[],headers=[],consumes=[],produces=[],custom=[]}" onto public java.lang.Object kitt.admin.controller.OrderManageController.doConfirmCancel(int)
14:15:58.595 [main] INFO  o.s.w.s.m.m.a.RequestMappingHandlerMapping - Mapped "{[/order/deleteOrder],methods=[],params=[],headers=[],consumes=[],produces=[],custom=[]}" onto public java.lang.Object kitt.admin.controller.OrderManageController.doDeleteOrder(int)
14:15:58.596 [main] INFO  o.s.w.s.m.m.a.RequestMappingHandlerMapping - Mapped "{[/order/verifyNotPass],methods=[],params=[],headers=[],consumes=[],produces=[],custom=[]}" onto public java.lang.Object kitt.admin.controller.OrderManageController.doVerifyNotPass(int)
14:15:58.596 [main] INFO  o.s.w.s.m.m.a.RequestMappingHandlerMapping - Mapped "{[/certificate/tail],methods=[],params=[],headers=[],consumes=[],produces=[],custom=[]}" onto public java.lang.Object kitt.admin.controller.OrderVerController.tailList(java.lang.String,int)
14:15:58.596 [main] INFO  o.s.w.s.m.m.a.RequestMappingHandlerMapping - Mapped "{[/certificate/detail],methods=[],params=[],headers=[],consumes=[],produces=[],custom=[]}" onto public java.lang.Object kitt.admin.controller.OrderVerController.showOrderDetail(int)
14:15:58.596 [main] INFO  o.s.w.s.m.m.a.RequestMappingHandlerMapping - Mapped "{[/order/checkCertification],methods=[],params=[],headers=[],consumes=[],produces=[],custom=[]}" onto public java.lang.Object kitt.admin.controller.OrderVerController.doCertificateOrderPaid(int,java.lang.String,java.lang.String,int,java.math.BigDecimal,int,java.math.BigDecimal,int,java.math.BigDecimal)
14:15:58.597 [main] INFO  o.s.w.s.m.m.a.RequestMappingHandlerMapping - Mapped "{[/certificate/downloadCertification],methods=[],params=[],headers=[],consumes=[],produces=[],custom=[]}" onto public org.springframework.http.HttpEntity<byte[]> kitt.admin.controller.OrderVerController.doDownloadCertification(java.lang.String) throws java.lang.Exception
14:15:58.597 [main] INFO  o.s.w.s.m.m.a.RequestMappingHandlerMapping - Mapped "{[/certificate/wait],methods=[],params=[],headers=[],consumes=[],produces=[],custom=[]}" onto public java.lang.Object kitt.admin.controller.OrderVerController.waitList(java.lang.String,int)
14:15:58.597 [main] INFO  o.s.w.s.m.m.a.RequestMappingHandlerMapping - Mapped "{[/certificate/pass],methods=[],params=[],headers=[],consumes=[],produces=[],custom=[]}" onto public java.lang.Object kitt.admin.controller.OrderVerController.passList(java.lang.String,int)
14:15:58.597 [main] INFO  o.s.w.s.m.m.a.RequestMappingHandlerMapping - Mapped "{[/certificate/fail],methods=[],params=[],headers=[],consumes=[],produces=[],custom=[]}" onto public java.lang.Object kitt.admin.controller.OrderVerController.failList(java.lang.String,int)
14:15:58.598 [main] INFO  o.s.w.s.m.m.a.RequestMappingHandlerMapping - Mapped "{[/supply/detail],methods=[],params=[],headers=[],consumes=[],produces=[],custom=[]}" onto public java.lang.Object kitt.admin.controller.SellInfoController.showDetail(int,java.lang.String)
14:15:58.598 [main] INFO  o.s.w.s.m.m.a.RequestMappingHandlerMapping - Mapped "{[/supply/pass],methods=[],params=[],headers=[],consumes=[],produces=[],custom=[]}" onto public java.lang.Object kitt.admin.controller.SellInfoController.getPassList(int,int,int,int)
14:15:58.598 [main] INFO  o.s.w.s.m.m.a.RequestMappingHandlerMapping - Mapped "{[/supply/fail],methods=[],params=[],headers=[],consumes=[],produces=[],custom=[]}" onto public java.lang.Object kitt.admin.controller.SellInfoController.getFailList(int,int,int,int)
14:15:58.598 [main] INFO  o.s.w.s.m.m.a.RequestMappingHandlerMapping - Mapped "{[/supply/wait],methods=[],params=[],headers=[],consumes=[],produces=[],custom=[]}" onto public java.lang.Object kitt.admin.controller.SellInfoController.getWaitList(int,int,int,int)
14:15:58.598 [main] INFO  o.s.w.s.m.m.a.RequestMappingHandlerMapping - Mapped "{[/supply/checkInfo],methods=[],params=[],headers=[],consumes=[],produces=[],custom=[]}" onto public java.lang.Object kitt.admin.controller.SellInfoController.doVerifySupply(int,int,java.lang.String)
14:15:58.599 [main] INFO  o.s.w.s.m.m.a.RequestMappingHandlerMapping - Mapped "{[/supply/cancelSupply],methods=[],params=[],headers=[],consumes=[],produces=[],custom=[]}" onto public java.lang.Object kitt.admin.controller.SellInfoController.doCancelSupply(int)
14:15:58.599 [main] INFO  o.s.w.s.m.m.a.RequestMappingHandlerMapping - Mapped "{[/startTimeTasks],methods=[],params=[],headers=[],consumes=[],produces=[],custom=[]}" onto public java.lang.Object kitt.admin.controller.TimeTaskController.startTimeTasks()
14:15:58.600 [main] INFO  o.s.w.s.m.m.a.RequestMappingHandlerMapping - Mapped "{[/user/view],methods=[],params=[],headers=[],consumes=[],produces=[],custom=[]}" onto public java.lang.Object kitt.admin.controller.UserController.getUserInfo(java.lang.String)
14:15:58.602 [main] INFO  o.s.w.s.m.m.a.RequestMappingHandlerMapping - Mapped "{[/user/edit],methods=[],params=[],headers=[],consumes=[],produces=[],custom=[]}" onto public java.lang.Object kitt.admin.controller.UserController.editPwd(java.lang.String) throws java.lang.Exception
14:15:58.602 [main] INFO  o.s.w.s.m.m.a.RequestMappingHandlerMapping - Mapped "{[/user/info],methods=[],params=[],headers=[],consumes=[],produces=[],custom=[]}" onto public java.lang.Object kitt.admin.controller.UserController.improveInfoList(java.lang.String,int)
14:15:58.602 [main] INFO  o.s.w.s.m.m.a.RequestMappingHandlerMapping - Mapped "{[/user/account],methods=[],params=[],headers=[],consumes=[],produces=[],custom=[]}" onto public java.lang.Object kitt.admin.controller.UserController.disableAccount(java.lang.String)
14:15:58.602 [main] INFO  o.s.w.s.m.m.a.RequestMappingHandlerMapping - Mapped "{[/user/verifypass],methods=[],params=[],headers=[],consumes=[],produces=[],custom=[]}" onto public java.lang.Object kitt.admin.controller.UserController.companyVerifyPass(int,java.lang.String)
14:15:58.602 [main] INFO  o.s.w.s.m.m.a.RequestMappingHandlerMapping - Mapped "{[/user/verifyreject],methods=[],params=[],headers=[],consumes=[],produces=[],custom=[]}" onto public java.lang.Object kitt.admin.controller.UserController.companyVerifyreject(int,java.lang.String)
14:15:58.603 [main] INFO  o.s.w.s.m.m.a.RequestMappingHandlerMapping - Mapped "{[/user/saveCompanyInfo],methods=[POST],params=[],headers=[],consumes=[],produces=[],custom=[]}" onto public java.lang.Object kitt.admin.controller.UserController.saveCompany(int,java.lang.String,java.lang.String,java.lang.String,java.lang.String,java.lang.String,java.lang.String,java.lang.String,java.lang.String,java.lang.String,java.lang.String,java.lang.String,java.lang.String,java.lang.String)
14:15:58.603 [main] INFO  o.s.w.s.m.m.a.RequestMappingHandlerMapping - Mapped "{[/saveCompanyPic],methods=[POST],params=[],headers=[],consumes=[],produces=[],custom=[]}" onto public java.lang.Object kitt.admin.controller.UserController.saveCompanyPic(org.springframework.web.multipart.MultipartFile,javax.servlet.http.HttpServletResponse) throws java.lang.Exception
14:15:58.603 [main] INFO  o.s.w.s.m.m.a.RequestMappingHandlerMapping - Mapped "{[/user/wait],methods=[],params=[],headers=[],consumes=[],produces=[],custom=[]}" onto public java.lang.Object kitt.admin.controller.UserController.waitList(java.lang.String,int)
14:15:58.603 [main] INFO  o.s.w.s.m.m.a.RequestMappingHandlerMapping - Mapped "{[/user/pass],methods=[],params=[],headers=[],consumes=[],produces=[],custom=[]}" onto public java.lang.Object kitt.admin.controller.UserController.passList(java.lang.String,int)
14:15:58.603 [main] INFO  o.s.w.s.m.m.a.RequestMappingHandlerMapping - Mapped "{[/user/fail],methods=[],params=[],headers=[],consumes=[],produces=[],custom=[]}" onto public java.lang.Object kitt.admin.controller.UserController.failList(java.lang.String,int)
14:15:58.607 [main] INFO  o.s.w.s.m.m.a.RequestMappingHandlerMapping - Mapped "{[/error],methods=[],params=[],headers=[],consumes=[],produces=[],custom=[]}" onto public org.springframework.http.ResponseEntity<java.util.Map<java.lang.String, java.lang.Object>> org.springframework.boot.autoconfigure.web.BasicErrorController.error(javax.servlet.http.HttpServletRequest)
14:15:58.607 [main] INFO  o.s.w.s.m.m.a.RequestMappingHandlerMapping - Mapped "{[/error],methods=[],params=[],headers=[],consumes=[],produces=[text/html],custom=[]}" onto public org.springframework.web.servlet.ModelAndView org.springframework.boot.autoconfigure.web.BasicErrorController.errorHtml(javax.servlet.http.HttpServletRequest)
14:15:58.636 [main] INFO  o.s.w.s.h.SimpleUrlHandlerMapping - Mapped URL path [/files/**] onto handler of type [class org.springframework.web.servlet.resource.ResourceHttpRequestHandler]
14:15:58.637 [main] INFO  o.s.w.s.h.SimpleUrlHandlerMapping - Mapped URL path [/views/**] onto handler of type [class org.springframework.web.servlet.resource.ResourceHttpRequestHandler]
14:15:58.637 [main] INFO  o.s.w.s.h.SimpleUrlHandlerMapping - Mapped URL path [/bower_components/**] onto handler of type [class org.springframework.web.servlet.resource.ResourceHttpRequestHandler]
14:15:58.637 [main] INFO  o.s.w.s.h.SimpleUrlHandlerMapping - Mapped URL path [/images/**] onto handler of type [class org.springframework.web.servlet.resource.ResourceHttpRequestHandler]
14:15:58.637 [main] INFO  o.s.w.s.h.SimpleUrlHandlerMapping - Mapped URL path [/scripts/**] onto handler of type [class org.springframework.web.servlet.resource.ResourceHttpRequestHandler]
14:15:58.637 [main] INFO  o.s.w.s.h.SimpleUrlHandlerMapping - Mapped URL path [/webjars/**] onto handler of type [class org.springframework.web.servlet.resource.ResourceHttpRequestHandler]
14:15:58.637 [main] INFO  o.s.w.s.h.SimpleUrlHandlerMapping - Mapped URL path [/styles/**] onto handler of type [class org.springframework.web.servlet.resource.ResourceHttpRequestHandler]
14:15:58.637 [main] INFO  o.s.w.s.h.SimpleUrlHandlerMapping - Mapped URL path [/**] onto handler of type [class org.springframework.web.servlet.resource.ResourceHttpRequestHandler]
14:15:59.342 [main] INFO  o.s.j.e.a.AnnotationMBeanExporter - Registering beans for JMX exposure on startup
14:15:59.399 [main] INFO  o.s.b.a.e.jmx.EndpointMBeanExporter - Registering beans for JMX exposure on startup
14:15:59.496 [main] INFO  o.s.b.a.e.mvc.EndpointHandlerMapping - Mapped "{[/health],methods=[],params=[],headers=[],consumes=[],produces=[],custom=[]}" onto public java.lang.Object org.springframework.boot.actuate.endpoint.mvc.HealthMvcEndpoint.invoke()
14:15:59.497 [main] INFO  o.s.b.a.e.mvc.EndpointHandlerMapping - Mapped "{[/metrics/{name:.*}],methods=[GET],params=[],headers=[],consumes=[],produces=[],custom=[]}" onto public java.lang.Object org.springframework.boot.actuate.endpoint.mvc.MetricsMvcEndpoint.value(java.lang.String)
14:15:59.497 [main] INFO  o.s.b.a.e.mvc.EndpointHandlerMapping - Mapped "{[/metrics],methods=[GET],params=[],headers=[],consumes=[],produces=[],custom=[]}" onto public java.lang.Object org.springframework.boot.actuate.endpoint.mvc.EndpointMvcAdapter.invoke()
14:15:59.497 [main] INFO  o.s.b.a.e.mvc.EndpointHandlerMapping - Mapped "{[/trace],methods=[GET],params=[],headers=[],consumes=[],produces=[],custom=[]}" onto public java.lang.Object org.springframework.boot.actuate.endpoint.mvc.EndpointMvcAdapter.invoke()
14:15:59.497 [main] INFO  o.s.b.a.e.mvc.EndpointHandlerMapping - Mapped "{[/dump],methods=[GET],params=[],headers=[],consumes=[],produces=[],custom=[]}" onto public java.lang.Object org.springframework.boot.actuate.endpoint.mvc.EndpointMvcAdapter.invoke()
14:15:59.498 [main] INFO  o.s.b.a.e.mvc.EndpointHandlerMapping - Mapped "{[/info],methods=[GET],params=[],headers=[],consumes=[],produces=[],custom=[]}" onto public java.lang.Object org.springframework.boot.actuate.endpoint.mvc.EndpointMvcAdapter.invoke()
14:15:59.498 [main] INFO  o.s.b.a.e.mvc.EndpointHandlerMapping - Mapped "{[/autoconfig],methods=[GET],params=[],headers=[],consumes=[],produces=[],custom=[]}" onto public java.lang.Object org.springframework.boot.actuate.endpoint.mvc.EndpointMvcAdapter.invoke()
14:15:59.498 [main] INFO  o.s.b.a.e.mvc.EndpointHandlerMapping - Mapped "{[/env/{name:.*}],methods=[GET],params=[],headers=[],consumes=[],produces=[],custom=[]}" onto public java.lang.Object org.springframework.boot.actuate.endpoint.mvc.EnvironmentMvcEndpoint.value(java.lang.String)
14:15:59.498 [main] INFO  o.s.b.a.e.mvc.EndpointHandlerMapping - Mapped "{[/env],methods=[GET],params=[],headers=[],consumes=[],produces=[],custom=[]}" onto public java.lang.Object org.springframework.boot.actuate.endpoint.mvc.EndpointMvcAdapter.invoke()
14:15:59.498 [main] INFO  o.s.b.a.e.mvc.EndpointHandlerMapping - Mapped "{[/mappings],methods=[GET],params=[],headers=[],consumes=[],produces=[],custom=[]}" onto public java.lang.Object org.springframework.boot.actuate.endpoint.mvc.EndpointMvcAdapter.invoke()
14:15:59.498 [main] INFO  o.s.b.a.e.mvc.EndpointHandlerMapping - Mapped "{[/shutdown],methods=[POST],params=[],headers=[],consumes=[],produces=[],custom=[]}" onto public java.lang.Object org.springframework.boot.actuate.endpoint.mvc.ShutdownMvcEndpoint.invoke()
14:15:59.498 [main] INFO  o.s.b.a.e.mvc.EndpointHandlerMapping - Mapped "{[/beans],methods=[GET],params=[],headers=[],consumes=[],produces=[],custom=[]}" onto public java.lang.Object org.springframework.boot.actuate.endpoint.mvc.EndpointMvcAdapter.invoke()
14:15:59.499 [main] INFO  o.s.b.a.e.mvc.EndpointHandlerMapping - Mapped "{[/configprops],methods=[GET],params=[],headers=[],consumes=[],produces=[],custom=[]}" onto public java.lang.Object org.springframework.boot.actuate.endpoint.mvc.EndpointMvcAdapter.invoke()
14:15:59.583 [main] INFO  o.s.c.s.DefaultLifecycleProcessor - Starting beans in phase 0
14:15:59.586 [main] INFO  o.s.b.a.e.jmx.EndpointMBeanExporter - Located managed bean 'requestMappingEndpoint': registering with JMX server as MBean [org.springframework.boot:type=Endpoint,name=requestMappingEndpoint]
14:15:59.636 [main] INFO  o.s.b.a.e.jmx.EndpointMBeanExporter - Located managed bean 'environmentEndpoint': registering with JMX server as MBean [org.springframework.boot:type=Endpoint,name=environmentEndpoint]
14:15:59.643 [main] INFO  o.s.b.a.e.jmx.EndpointMBeanExporter - Located managed bean 'healthEndpoint': registering with JMX server as MBean [org.springframework.boot:type=Endpoint,name=healthEndpoint]
14:15:59.649 [main] INFO  o.s.b.a.e.jmx.EndpointMBeanExporter - Located managed bean 'beansEndpoint': registering with JMX server as MBean [org.springframework.boot:type=Endpoint,name=beansEndpoint]
14:15:59.654 [main] INFO  o.s.b.a.e.jmx.EndpointMBeanExporter - Located managed bean 'infoEndpoint': registering with JMX server as MBean [org.springframework.boot:type=Endpoint,name=infoEndpoint]
14:15:59.659 [main] INFO  o.s.b.a.e.jmx.EndpointMBeanExporter - Located managed bean 'metricsEndpoint': registering with JMX server as MBean [org.springframework.boot:type=Endpoint,name=metricsEndpoint]
14:15:59.664 [main] INFO  o.s.b.a.e.jmx.EndpointMBeanExporter - Located managed bean 'traceEndpoint': registering with JMX server as MBean [org.springframework.boot:type=Endpoint,name=traceEndpoint]
14:15:59.668 [main] INFO  o.s.b.a.e.jmx.EndpointMBeanExporter - Located managed bean 'dumpEndpoint': registering with JMX server as MBean [org.springframework.boot:type=Endpoint,name=dumpEndpoint]
14:15:59.675 [main] INFO  o.s.b.a.e.jmx.EndpointMBeanExporter - Located managed bean 'autoConfigurationAuditEndpoint': registering with JMX server as MBean [org.springframework.boot:type=Endpoint,name=autoConfigurationAuditEndpoint]
14:15:59.680 [main] INFO  o.s.b.a.e.jmx.EndpointMBeanExporter - Located managed bean 'shutdownEndpoint': registering with JMX server as MBean [org.springframework.boot:type=Endpoint,name=shutdownEndpoint]
14:15:59.697 [main] INFO  o.s.b.a.e.jmx.EndpointMBeanExporter - Located managed bean 'configurationPropertiesReportEndpoint': registering with JMX server as MBean [org.springframework.boot:type=Endpoint,name=configurationPropertiesReportEndpoint]
14:15:59.709 [main] INFO  / - Initializing Spring FrameworkServlet 'dispatcherServlet'
14:15:59.710 [main] INFO  o.s.web.servlet.DispatcherServlet - FrameworkServlet 'dispatcherServlet': initialization started
14:15:59.749 [main] INFO  o.s.web.servlet.DispatcherServlet - FrameworkServlet 'dispatcherServlet': initialization completed in 39 ms
14:15:59.871 [main] INFO  o.e.jetty.server.AbstractConnector - Started SelectChannelConnector@0.0.0.0:8081
14:15:59.878 [main] INFO  o.s.b.c.e.j.JettyEmbeddedServletContainer - Jetty started on port: 8081
14:15:59.881 [main] INFO  kitt.admin.Application - Started Application in 8.692 seconds (JVM running for 9.718)
14:16:19.264 [Thread-2] INFO  o.s.b.c.e.AnnotationConfigEmbeddedWebApplicationContext - Closing org.springframework.boot.context.embedded.AnnotationConfigEmbeddedWebApplicationContext@60949956: startup date [Fri Mar 20 14:15:51 CST 2015]; root of context hierarchy
14:16:19.266 [Thread-2] INFO  o.s.c.s.DefaultLifecycleProcessor - Stopping beans in phase 0
14:16:19.270 [Thread-2] INFO  o.s.b.a.e.jmx.EndpointMBeanExporter - Unregistering JMX-exposed beans on shutdown
14:16:19.271 [Thread-2] INFO  o.s.j.e.a.AnnotationMBeanExporter - Unregistering JMX-exposed beans on shutdown
14:16:19.300 [Thread-2] INFO  / - Destroying Spring FrameworkServlet 'dispatcherServlet'
14:16:19.303 [Thread-2] INFO  o.e.j.server.handler.ContextHandler - stopped o.s.b.c.e.j.JettyEmbeddedWebAppContext{/,null}
